2024-11-13 09:01:31 [HikariPool-1 housekeeper] WARN  : HikariPool-1 - Thread starvation or clock leap detected (housekeeper delta=14h37m50s627ms589µs).
2024-11-13 09:02:02 [http-nio-8080-exec-4] WARN  : SQL Error: 0, SQLState: 08001
2024-11-13 09:02:02 [http-nio-8080-exec-6] WARN  : SQL Error: 0, SQLState: 08001
2024-11-13 09:02:02 [http-nio-8080-exec-6] ERROR : HikariPool-1 - Connection is not available, request timed out after 30009ms (total=0, active=0, idle=0, waiting=5)
2024-11-13 09:02:02 [http-nio-8080-exec-4] ERROR : HikariPool-1 - Connection is not available, request timed out after 30011ms (total=0, active=0, idle=0, waiting=4)
2024-11-13 09:02:02 [http-nio-8080-exec-4] ERROR : The connection attempt failed.
2024-11-13 09:02:02 [http-nio-8080-exec-6] ERROR : The connection attempt failed.
2024-11-13 09:02:02 [http-nio-8080-exec-2] WARN  : SQL Error: 0, SQLState: 08001
2024-11-13 09:02:02 [http-nio-8080-exec-1] WARN  : SQL Error: 0, SQLState: 08001
2024-11-13 09:02:02 [http-nio-8080-exec-2] ERROR : HikariPool-1 - Connection is not available, request timed out after 30011ms (total=0, active=0, idle=0, waiting=3)
2024-11-13 09:02:02 [http-nio-8080-exec-1] ERROR : HikariPool-1 - Connection is not available, request timed out after 30011ms (total=0, active=0, idle=0, waiting=4)
2024-11-13 09:02:02 [http-nio-8080-exec-1] ERROR : The connection attempt failed.
2024-11-13 09:02:02 [http-nio-8080-exec-2] ERROR : The connection attempt failed.
2024-11-13 09:02:02 [http-nio-8080-exec-10] WARN  : SQL Error: 0, SQLState: 08001
2024-11-13 09:02:02 [http-nio-8080-exec-10] ERROR : HikariPool-1 - Connection is not available, request timed out after 30015ms (total=0, active=0, idle=0, waiting=1)
2024-11-13 09:02:02 [http-nio-8080-exec-5] WARN  : SQL Error: 0, SQLState: 08001
2024-11-13 09:02:02 [http-nio-8080-exec-10] ERROR : The connection attempt failed.
2024-11-13 09:02:02 [http-nio-8080-exec-5] ERROR : HikariPool-1 - Connection is not available, request timed out after 30015ms (total=0, active=0, idle=0, waiting=1)
2024-11-13 09:02:02 [http-nio-8080-exec-5] ERROR : The connection attempt failed.
2024-11-13 09:02:02 [http-nio-8080-exec-3] INFO  : Log Message: Could not open JPA EntityManager for transaction
2024-11-13 09:02:32 [http-nio-8080-exec-8] WARN  : SQL Error: 0, SQLState: 08001
2024-11-13 09:02:32 [http-nio-8080-exec-8] ERROR : HikariPool-1 - Connection is not available, request timed out after 30008ms (total=0, active=0, idle=0, waiting=0)
2024-11-13 09:02:32 [http-nio-8080-exec-8] ERROR : The connection attempt failed.
2024-11-13 09:29:14 [http-nio-8080-exec-4] INFO  : Log Message: null
2024-11-13 09:33:09 [http-nio-8080-exec-7] INFO  : Log Message: null
2024-11-13 09:34:04 [http-nio-8080-exec-9] INFO  : Log Message: null
2024-11-13 09:36:41 [http-nio-8080-exec-10] INFO  : Log Message: null
2024-11-13 09:41:45 [http-nio-8080-exec-4] INFO  : Log Message: null
2024-11-13 09:42:33 [http-nio-8080-exec-10] INFO  : Log Message: null
2024-11-13 09:42:52 [http-nio-8080-exec-6] INFO  : Log Message: null
2024-11-13 09:48:42 [http-nio-8080-exec-1] INFO  : Log Message: null
2024-11-13 09:49:23 [http-nio-8080-exec-3] INFO  : Log Message: null
2024-11-13 09:49:39 [http-nio-8080-exec-3] INFO  : Log Message: null
2024-11-13 09:49:40 [http-nio-8080-exec-10] WARN  : Resolved [org.springframework.web.context.request.async.AsyncRequestNotUsableException: ServletOutputStream failed to write: java.io.IOException: An established connection was aborted by the software in your host machine]
2024-11-13 09:49:43 [http-nio-8080-exec-2] INFO  : Log Message: null
2024-11-13 09:49:44 [http-nio-8080-exec-9] WARN  : Resolved [org.springframework.web.context.request.async.AsyncRequestNotUsableException: ServletOutputStream failed to write: java.io.IOException: An established connection was aborted by the software in your host machine]
2024-11-13 09:51:15 [http-nio-8080-exec-6] INFO  : Log Message: null
2024-11-13 09:52:32 [http-nio-8080-exec-10] INFO  : Log Message: null
2024-11-13 09:55:58 [http-nio-8080-exec-1] INFO  : Log Message: null
2024-11-13 09:56:03 [http-nio-8080-exec-4] WARN  : Resolved [org.springframework.web.context.request.async.AsyncRequestNotUsableException: ServletOutputStream failed to write: java.io.IOException: An established connection was aborted by the software in your host machine]
2024-11-13 09:56:07 [http-nio-8080-exec-3] INFO  : Log Message: null
2024-11-13 09:56:15 [http-nio-8080-exec-6] INFO  : Log Message: null
2024-11-13 09:57:12 [http-nio-8080-exec-1] INFO  : Log Message: null
2024-11-13 09:57:45 [http-nio-8080-exec-9] INFO  : Log Message: null
2024-11-13 09:57:46 [http-nio-8080-exec-3] WARN  : Resolved [org.springframework.web.context.request.async.AsyncRequestNotUsableException: ServletOutputStream failed to write: java.io.IOException: An established connection was aborted by the software in your host machine]
2024-11-13 09:57:48 [http-nio-8080-exec-7] INFO  : Log Message: null
2024-11-13 09:57:50 [http-nio-8080-exec-5] WARN  : Resolved [org.springframework.web.context.request.async.AsyncRequestNotUsableException: ServletOutputStream failed to write: java.io.IOException: An established connection was aborted by the software in your host machine]
2024-11-13 09:57:58 [http-nio-8080-exec-1] INFO  : Log Message: null
2024-11-13 09:58:31 [http-nio-8080-exec-5] INFO  : Log Message: null
2024-11-13 09:58:50 [http-nio-8080-exec-7] INFO  : Log Message: null
2024-11-13 09:58:51 [http-nio-8080-exec-9] WARN  : Resolved [org.springframework.web.context.request.async.AsyncRequestNotUsableException: ServletOutputStream failed to write: java.io.IOException: An established connection was aborted by the software in your host machine]
2024-11-13 09:58:54 [http-nio-8080-exec-10] INFO  : Log Message: null
2024-11-13 09:58:54 [http-nio-8080-exec-6] WARN  : Resolved [org.springframework.web.context.request.async.AsyncRequestNotUsableException: ServletOutputStream failed to write: java.io.IOException: An established connection was aborted by the software in your host machine]
2024-11-13 09:59:17 [http-nio-8080-exec-10] INFO  : Log Message: null
2024-11-13 10:00:19 [http-nio-8080-exec-3] INFO  : Log Message: null
2024-11-13 10:01:25 [http-nio-8080-exec-5] INFO  : Log Message: null
2024-11-13 10:01:42 [http-nio-8080-exec-3] INFO  : Log Message: null
2024-11-13 10:01:54 [http-nio-8080-exec-10] INFO  : Log Message: null
2024-11-13 10:02:34 [http-nio-8080-exec-8] INFO  : Log Message: null
2024-11-13 10:02:56 [http-nio-8080-exec-7] INFO  : Log Message: null
2024-11-13 10:03:36 [http-nio-8080-exec-4] INFO  : Log Message: null
2024-11-13 10:11:00 [http-nio-8080-exec-7] INFO  : Log Message: null
2024-11-13 10:11:38 [http-nio-8080-exec-4] INFO  : Log Message: null
2024-11-13 10:15:03 [http-nio-8080-exec-7] INFO  : Log Message: null
2024-11-13 10:15:16 [http-nio-8080-exec-7] INFO  : Log Message: null
2024-11-13 10:15:42 [http-nio-8080-exec-3] INFO  : Log Message: null
2024-11-13 10:20:18 [http-nio-8080-exec-8] INFO  : Log Message: null
2024-11-13 10:20:48 [http-nio-8080-exec-4] INFO  : Log Message: null
2024-11-13 10:21:47 [http-nio-8080-exec-9] INFO  : Log Message: null
2024-11-13 10:22:41 [http-nio-8080-exec-8] INFO  : Log Message: null
2024-11-13 10:23:39 [http-nio-8080-exec-7] INFO  : Log Message: null
2024-11-13 10:24:54 [http-nio-8080-exec-9] INFO  : Log Message: null
2024-11-13 10:24:56 [http-nio-8080-exec-4] WARN  : Resolved [org.springframework.web.context.request.async.AsyncRequestNotUsableException: ServletOutputStream failed to write: java.io.IOException: An established connection was aborted by the software in your host machine]
2024-11-13 10:24:59 [http-nio-8080-exec-1] INFO  : Log Message: null
2024-11-13 10:25:00 [http-nio-8080-exec-3] WARN  : Resolved [org.springframework.web.context.request.async.AsyncRequestNotUsableException: ServletOutputStream failed to write: java.io.IOException: An established connection was aborted by the software in your host machine]
2024-11-13 10:25:48 [http-nio-8080-exec-2] INFO  : Log Message: null
2024-11-13 10:25:53 [http-nio-8080-exec-3] WARN  : Resolved [org.springframework.web.context.request.async.AsyncRequestNotUsableException: ServletOutputStream failed to write: java.io.IOException: An established connection was aborted by the software in your host machine]
2024-11-13 10:25:57 [http-nio-8080-exec-10] INFO  : Log Message: null
2024-11-13 10:26:36 [http-nio-8080-exec-7] INFO  : Log Message: null
2024-11-13 10:27:18 [http-nio-8080-exec-1] INFO  : Log Message: null
2024-11-13 10:28:15 [http-nio-8080-exec-4] INFO  : Log Message: null
2024-11-13 10:28:26 [http-nio-8080-exec-8] INFO  : Log Message: null
2024-11-13 10:29:37 [http-nio-8080-exec-9] INFO  : Log Message: null
2024-11-13 10:29:58 [http-nio-8080-exec-8] INFO  : Log Message: null
2024-11-13 10:34:47 [http-nio-8080-exec-7] INFO  : Log Message: null
2024-11-13 10:36:01 [http-nio-8080-exec-9] INFO  : Log Message: null
2024-11-13 12:30:27 [http-nio-8080-exec-8] INFO  : Log Message: null
2024-11-13 12:32:35 [http-nio-8080-exec-3] INFO  : Log Message: null
2024-11-13 12:35:41 [http-nio-8080-exec-6] INFO  : Log Message: null
2024-11-13 12:36:13 [http-nio-8080-exec-2] INFO  : Log Message: null
2024-11-13 12:37:47 [http-nio-8080-exec-1] INFO  : Log Message: null
2024-11-13 12:38:33 [http-nio-8080-exec-4] INFO  : Log Message: null
2024-11-13 12:41:07 [http-nio-8080-exec-8] INFO  : Log Message: null
2024-11-13 12:43:07 [http-nio-8080-exec-5] INFO  : Log Message: null
2024-11-13 12:43:25 [http-nio-8080-exec-10] INFO  : Log Message: null
2024-11-13 12:43:40 [http-nio-8080-exec-7] INFO  : Log Message: null
2024-11-13 13:01:49 [http-nio-8080-exec-5] INFO  : Log Message: null
2024-11-13 13:04:32 [http-nio-8080-exec-4] INFO  : Log Message: null
2024-11-13 13:05:21 [http-nio-8080-exec-5] INFO  : Log Message: null
2024-11-13 13:06:54 [http-nio-8080-exec-1] INFO  : Log Message: null
2024-11-13 13:08:15 [http-nio-8080-exec-6] INFO  : Log Message: null
2024-11-13 13:10:35 [http-nio-8080-exec-5] INFO  : Log Message: null
2024-11-13 13:12:02 [http-nio-8080-exec-10] INFO  : Log Message: null
2024-11-13 13:12:51 [http-nio-8080-exec-5] INFO  : Log Message: null
2024-11-13 13:18:17 [http-nio-8080-exec-3] INFO  : Log Message: null
2024-11-13 13:19:43 [http-nio-8080-exec-7] INFO  : Log Message: null
2024-11-13 13:23:40 [http-nio-8080-exec-5] INFO  : Log Message: null
2024-11-13 13:25:05 [http-nio-8080-exec-2] INFO  : Log Message: null
2024-11-13 13:25:20 [http-nio-8080-exec-8] INFO  : Log Message: null
2024-11-13 13:28:28 [http-nio-8080-exec-5] INFO  : Log Message: null
2024-11-13 13:29:14 [http-nio-8080-exec-3] INFO  : Log Message: null
2024-11-13 13:29:30 [http-nio-8080-exec-3] INFO  : Log Message: null
2024-11-13 13:36:58 [http-nio-8080-exec-4] INFO  : Log Message: null
2024-11-13 13:39:41 [http-nio-8080-exec-8] INFO  : Log Message: null
2024-11-13 13:41:04 [http-nio-8080-exec-1] INFO  : Log Message: null
2024-11-13 13:45:33 [http-nio-8080-exec-8] INFO  : Log Message: null
2024-11-13 17:35:35 [http-nio-8080-exec-10] INFO  : Log Message: null
2024-11-13 18:35:45 [http-nio-8080-exec-5] WARN  : HikariPool-1 - Connection org.postgresql.jdbc.PgConnection@706914c9 marked as broken because of SQLSTATE(08006), ErrorCode(0)
org.postgresql.util.PSQLException: An I/O error occurred while sending to the backend.
	at org.postgresql.core.v3.QueryExecutorImpl.execute(QueryExecutorImpl.java:398)
	at org.postgresql.jdbc.PgStatement.executeInternal(PgStatement.java:502)
	at org.postgresql.jdbc.PgStatement.execute(PgStatement.java:419)
	at org.postgresql.jdbc.PgPreparedStatement.executeWithFlags(PgPreparedStatement.java:194)
	at org.postgresql.jdbc.PgPreparedStatement.executeQuery(PgPreparedStatement.java:137)
	at com.zaxxer.hikari.pool.ProxyPreparedStatement.executeQuery(ProxyPreparedStatement.java:52)
	at com.zaxxer.hikari.pool.HikariProxyPreparedStatement.executeQuery(HikariProxyPreparedStatement.java)
	at org.hibernate.sql.results.jdbc.internal.DeferredResultSetAccess.executeQuery(DeferredResultSetAccess.java:246)
	at org.hibernate.sql.results.jdbc.internal.DeferredResultSetAccess.getResultSet(DeferredResultSetAccess.java:167)
	at org.hibernate.sql.results.jdbc.internal.JdbcValuesResultSetImpl.advanceNext(JdbcValuesResultSetImpl.java:265)
	at org.hibernate.sql.results.jdbc.internal.JdbcValuesResultSetImpl.processNext(JdbcValuesResultSetImpl.java:145)
	at org.hibernate.sql.results.jdbc.internal.AbstractJdbcValues.next(AbstractJdbcValues.java:19)
	at org.hibernate.sql.results.internal.RowProcessingStateStandardImpl.next(RowProcessingStateStandardImpl.java:67)
	at org.hibernate.sql.results.spi.ListResultsConsumer.consume(ListResultsConsumer.java:204)
	at org.hibernate.sql.results.spi.ListResultsConsumer.consume(ListResultsConsumer.java:33)
	at org.hibernate.sql.exec.internal.JdbcSelectExecutorStandardImpl.doExecuteQuery(JdbcSelectExecutorStandardImpl.java:211)
	at org.hibernate.sql.exec.internal.JdbcSelectExecutorStandardImpl.executeQuery(JdbcSelectExecutorStandardImpl.java:83)
	at org.hibernate.sql.exec.spi.JdbcSelectExecutor.list(JdbcSelectExecutor.java:76)
	at org.hibernate.sql.exec.spi.JdbcSelectExecutor.list(JdbcSelectExecutor.java:65)
	at org.hibernate.query.sqm.internal.ConcreteSqmSelectQueryPlan.lambda$new$2(ConcreteSqmSelectQueryPlan.java:139)
	at org.hibernate.query.sqm.internal.ConcreteSqmSelectQueryPlan.withCacheableSqmInterpretation(ConcreteSqmSelectQueryPlan.java:382)
	at org.hibernate.query.sqm.internal.ConcreteSqmSelectQueryPlan.performList(ConcreteSqmSelectQueryPlan.java:302)
	at org.hibernate.query.sqm.internal.QuerySqmImpl.doList(QuerySqmImpl.java:526)
	at org.hibernate.query.spi.AbstractSelectionQuery.list(AbstractSelectionQuery.java:423)
	at org.hibernate.query.Query.getResultList(Query.java:120)
	at org.springframework.data.jpa.repository.query.JpaQueryExecution$CollectionExecution.doExecute(JpaQueryExecution.java:129)
	at org.springframework.data.jpa.repository.query.JpaQueryExecution.execute(JpaQueryExecution.java:92)
	at org.springframework.data.jpa.repository.query.AbstractJpaQuery.doExecute(AbstractJpaQuery.java:152)
	at org.springframework.data.jpa.repository.query.AbstractJpaQuery.execute(AbstractJpaQuery.java:140)
	at org.springframework.data.repository.core.support.RepositoryMethodInvoker.doInvoke(RepositoryMethodInvoker.java:170)
	at org.springframework.data.repository.core.support.RepositoryMethodInvoker.invoke(RepositoryMethodInvoker.java:158)
	at org.springframework.data.repository.core.support.QueryExecutorMethodInterceptor.doInvoke(QueryExecutorMethodInterceptor.java:164)
	at org.springframework.data.repository.core.support.QueryExecutorMethodInterceptor.invoke(QueryExecutorMethodInterceptor.java:143)
	at org.springframework.aop.framework.ReflectiveMethodInvocation.proceed(ReflectiveMethodInvocation.java:184)
	at org.springframework.data.projection.DefaultMethodInvokingMethodInterceptor.invoke(DefaultMethodInvokingMethodInterceptor.java:70)
	at org.springframework.aop.framework.ReflectiveMethodInvocation.proceed(ReflectiveMethodInvocation.java:184)
	at org.springframework.transaction.interceptor.TransactionAspectSupport.invokeWithinTransaction(TransactionAspectSupport.java:379)
	at org.springframework.transaction.interceptor.TransactionInterceptor.invoke(TransactionInterceptor.java:119)
	at org.springframework.aop.framework.ReflectiveMethodInvocation.proceed(ReflectiveMethodInvocation.java:184)
	at org.springframework.dao.support.PersistenceExceptionTranslationInterceptor.invoke(PersistenceExceptionTranslationInterceptor.java:138)
	at org.springframework.aop.framework.ReflectiveMethodInvocation.proceed(ReflectiveMethodInvocation.java:184)
	at org.springframework.data.jpa.repository.support.CrudMethodMetadataPostProcessor$CrudMethodMetadataPopulatingMethodInterceptor.invoke(CrudMethodMetadataPostProcessor.java:136)
	at org.springframework.aop.framework.ReflectiveMethodInvocation.proceed(ReflectiveMethodInvocation.java:184)
	at org.springframework.aop.interceptor.ExposeInvocationInterceptor.invoke(ExposeInvocationInterceptor.java:97)
	at org.springframework.aop.framework.ReflectiveMethodInvocation.proceed(ReflectiveMethodInvocation.java:184)
	at org.springframework.aop.framework.JdkDynamicAopProxy.invoke(JdkDynamicAopProxy.java:223)
	at jdk.proxy2/jdk.proxy2.$Proxy132.findByFormFieldId(Unknown Source)
	at com.pro.api.controllers.ProjectsController.getProjectsMin(ProjectsController.java:72)
	at jdk.internal.reflect.GeneratedMethodAccessor149.invoke(Unknown Source)
	at java.base/jdk.internal.reflect.DelegatingMethodAccessorImpl.invoke(DelegatingMethodAccessorImpl.java:43)
	at java.base/java.lang.reflect.Method.invoke(Method.java:568)
	at org.springframework.web.method.support.InvocableHandlerMethod.doInvoke(InvocableHandlerMethod.java:255)
	at org.springframework.web.method.support.InvocableHandlerMethod.invokeForRequest(InvocableHandlerMethod.java:188)
	at org.springframework.web.servlet.mvc.method.annotation.ServletInvocableHandlerMethod.invokeAndHandle(ServletInvocableHandlerMethod.java:118)
	at org.springframework.web.servlet.mvc.method.annotation.RequestMappingHandlerAdapter.invokeHandlerMethod(RequestMappingHandlerAdapter.java:926)
	at org.springframework.web.servlet.mvc.method.annotation.RequestMappingHandlerAdapter.handleInternal(RequestMappingHandlerAdapter.java:831)
	at org.springframework.web.servlet.mvc.method.AbstractHandlerMethodAdapter.handle(AbstractHandlerMethodAdapter.java:87)
	at org.springframework.web.servlet.DispatcherServlet.doDispatch(DispatcherServlet.java:1089)
	at org.springframework.web.servlet.DispatcherServlet.doService(DispatcherServlet.java:979)
	at org.springframework.web.servlet.FrameworkServlet.processRequest(FrameworkServlet.java:1014)
	at org.springframework.web.servlet.FrameworkServlet.doGet(FrameworkServlet.java:903)
	at jakarta.servlet.http.HttpServlet.service(HttpServlet.java:564)
	at org.springframework.web.servlet.FrameworkServlet.service(FrameworkServlet.java:885)
	at jakarta.servlet.http.HttpServlet.service(HttpServlet.java:658)
	at org.apache.catalina.core.ApplicationFilterChain.internalDoFilter(ApplicationFilterChain.java:195)
	at org.apache.catalina.core.ApplicationFilterChain.doFilter(ApplicationFilterChain.java:140)
	at org.apache.tomcat.websocket.server.WsFilter.doFilter(WsFilter.java:51)
	at org.apache.catalina.core.ApplicationFilterChain.internalDoFilter(ApplicationFilterChain.java:164)
	at org.apache.catalina.core.ApplicationFilterChain.doFilter(ApplicationFilterChain.java:140)
	at org.springframework.web.filter.RequestContextFilter.doFilterInternal(RequestContextFilter.java:100)
	at org.springframework.web.filter.OncePerRequestFilter.doFilter(OncePerRequestFilter.java:116)
	at org.apache.catalina.core.ApplicationFilterChain.internalDoFilter(ApplicationFilterChain.java:164)
	at org.apache.catalina.core.ApplicationFilterChain.doFilter(ApplicationFilterChain.java:140)
	at org.springframework.web.filter.FormContentFilter.doFilterInternal(FormContentFilter.java:93)
	at org.springframework.web.filter.OncePerRequestFilter.doFilter(OncePerRequestFilter.java:116)
	at org.apache.catalina.core.ApplicationFilterChain.internalDoFilter(ApplicationFilterChain.java:164)
	at org.apache.catalina.core.ApplicationFilterChain.doFilter(ApplicationFilterChain.java:140)
	at org.springframework.web.filter.CharacterEncodingFilter.doFilterInternal(CharacterEncodingFilter.java:201)
	at org.springframework.web.filter.OncePerRequestFilter.doFilter(OncePerRequestFilter.java:116)
	at org.apache.catalina.core.ApplicationFilterChain.internalDoFilter(ApplicationFilterChain.java:164)
	at org.apache.catalina.core.ApplicationFilterChain.doFilter(ApplicationFilterChain.java:140)
	at org.apache.catalina.core.StandardWrapperValve.invoke(StandardWrapperValve.java:167)
	at org.apache.catalina.core.StandardContextValve.invoke(StandardContextValve.java:90)
	at org.apache.catalina.authenticator.AuthenticatorBase.invoke(AuthenticatorBase.java:483)
	at org.apache.catalina.core.StandardHostValve.invoke(StandardHostValve.java:115)
	at org.apache.catalina.valves.ErrorReportValve.invoke(ErrorReportValve.java:93)
	at org.apache.catalina.core.StandardEngineValve.invoke(StandardEngineValve.java:74)
	at org.apache.catalina.connector.CoyoteAdapter.service(CoyoteAdapter.java:344)
	at org.apache.coyote.http11.Http11Processor.service(Http11Processor.java:389)
	at org.apache.coyote.AbstractProcessorLight.process(AbstractProcessorLight.java:63)
	at org.apache.coyote.AbstractProtocol$ConnectionHandler.process(AbstractProtocol.java:904)
	at org.apache.tomcat.util.net.NioEndpoint$SocketProcessor.doRun(NioEndpoint.java:1741)
	at org.apache.tomcat.util.net.SocketProcessorBase.run(SocketProcessorBase.java:52)
	at org.apache.tomcat.util.threads.ThreadPoolExecutor.runWorker(ThreadPoolExecutor.java:1190)
	at org.apache.tomcat.util.threads.ThreadPoolExecutor$Worker.run(ThreadPoolExecutor.java:659)
	at org.apache.tomcat.util.threads.TaskThread$WrappingRunnable.run(TaskThread.java:63)
	at java.base/java.lang.Thread.run(Thread.java:842)
Caused by: java.net.SocketException: Connection reset
	at java.base/sun.nio.ch.NioSocketImpl.implRead(NioSocketImpl.java:328)
	at java.base/sun.nio.ch.NioSocketImpl.read(NioSocketImpl.java:355)
	at java.base/sun.nio.ch.NioSocketImpl$1.read(NioSocketImpl.java:808)
	at java.base/java.net.Socket$SocketInputStream.read(Socket.java:966)
	at java.base/sun.security.ssl.SSLSocketInputRecord.read(SSLSocketInputRecord.java:484)
	at java.base/sun.security.ssl.SSLSocketInputRecord.readHeader(SSLSocketInputRecord.java:478)
	at java.base/sun.security.ssl.SSLSocketInputRecord.bytesInCompletePacket(SSLSocketInputRecord.java:70)
	at java.base/sun.security.ssl.SSLSocketImpl.readApplicationRecord(SSLSocketImpl.java:1461)
	at java.base/sun.security.ssl.SSLSocketImpl$AppInputStream.read(SSLSocketImpl.java:1065)
	at org.postgresql.core.VisibleBufferedInputStream.readMore(VisibleBufferedInputStream.java:162)
	at org.postgresql.core.VisibleBufferedInputStream.ensureBytes(VisibleBufferedInputStream.java:129)
	at org.postgresql.core.VisibleBufferedInputStream.ensureBytes(VisibleBufferedInputStream.java:114)
	at org.postgresql.core.VisibleBufferedInputStream.read(VisibleBufferedInputStream.java:74)
	at org.postgresql.core.PGStream.receiveChar(PGStream.java:467)
	at org.postgresql.core.v3.QueryExecutorImpl.processResults(QueryExecutorImpl.java:2166)
	at org.postgresql.core.v3.QueryExecutorImpl.execute(QueryExecutorImpl.java:371)
	... 96 common frames omitted
2024-11-13 18:35:45 [http-nio-8080-exec-9] WARN  : HikariPool-1 - Connection org.postgresql.jdbc.PgConnection@181ab833 marked as broken because of SQLSTATE(08006), ErrorCode(0)
org.postgresql.util.PSQLException: An I/O error occurred while sending to the backend.
	at org.postgresql.core.v3.QueryExecutorImpl.execute(QueryExecutorImpl.java:398)
	at org.postgresql.jdbc.PgStatement.executeInternal(PgStatement.java:502)
	at org.postgresql.jdbc.PgStatement.execute(PgStatement.java:419)
	at org.postgresql.jdbc.PgPreparedStatement.executeWithFlags(PgPreparedStatement.java:194)
	at org.postgresql.jdbc.PgPreparedStatement.executeQuery(PgPreparedStatement.java:137)
	at com.zaxxer.hikari.pool.ProxyPreparedStatement.executeQuery(ProxyPreparedStatement.java:52)
	at com.zaxxer.hikari.pool.HikariProxyPreparedStatement.executeQuery(HikariProxyPreparedStatement.java)
	at org.hibernate.sql.results.jdbc.internal.DeferredResultSetAccess.executeQuery(DeferredResultSetAccess.java:246)
	at org.hibernate.sql.results.jdbc.internal.DeferredResultSetAccess.getResultSet(DeferredResultSetAccess.java:167)
	at org.hibernate.sql.results.jdbc.internal.JdbcValuesResultSetImpl.advanceNext(JdbcValuesResultSetImpl.java:265)
	at org.hibernate.sql.results.jdbc.internal.JdbcValuesResultSetImpl.processNext(JdbcValuesResultSetImpl.java:145)
	at org.hibernate.sql.results.jdbc.internal.AbstractJdbcValues.next(AbstractJdbcValues.java:19)
	at org.hibernate.sql.results.internal.RowProcessingStateStandardImpl.next(RowProcessingStateStandardImpl.java:67)
	at org.hibernate.sql.results.spi.ListResultsConsumer.consume(ListResultsConsumer.java:204)
	at org.hibernate.sql.results.spi.ListResultsConsumer.consume(ListResultsConsumer.java:33)
	at org.hibernate.sql.exec.internal.JdbcSelectExecutorStandardImpl.doExecuteQuery(JdbcSelectExecutorStandardImpl.java:211)
	at org.hibernate.sql.exec.internal.JdbcSelectExecutorStandardImpl.executeQuery(JdbcSelectExecutorStandardImpl.java:83)
	at org.hibernate.sql.exec.spi.JdbcSelectExecutor.list(JdbcSelectExecutor.java:76)
	at org.hibernate.sql.exec.spi.JdbcSelectExecutor.list(JdbcSelectExecutor.java:65)
	at org.hibernate.query.sqm.internal.ConcreteSqmSelectQueryPlan.lambda$new$2(ConcreteSqmSelectQueryPlan.java:139)
	at org.hibernate.query.sqm.internal.ConcreteSqmSelectQueryPlan.withCacheableSqmInterpretation(ConcreteSqmSelectQueryPlan.java:382)
	at org.hibernate.query.sqm.internal.ConcreteSqmSelectQueryPlan.performList(ConcreteSqmSelectQueryPlan.java:302)
	at org.hibernate.query.sqm.internal.QuerySqmImpl.doList(QuerySqmImpl.java:526)
	at org.hibernate.query.spi.AbstractSelectionQuery.list(AbstractSelectionQuery.java:423)
	at org.hibernate.query.Query.getResultList(Query.java:120)
	at org.springframework.data.jpa.repository.query.JpaQueryExecution$CollectionExecution.doExecute(JpaQueryExecution.java:129)
	at org.springframework.data.jpa.repository.query.JpaQueryExecution.execute(JpaQueryExecution.java:92)
	at org.springframework.data.jpa.repository.query.AbstractJpaQuery.doExecute(AbstractJpaQuery.java:152)
	at org.springframework.data.jpa.repository.query.AbstractJpaQuery.execute(AbstractJpaQuery.java:140)
	at org.springframework.data.repository.core.support.RepositoryMethodInvoker.doInvoke(RepositoryMethodInvoker.java:170)
	at org.springframework.data.repository.core.support.RepositoryMethodInvoker.invoke(RepositoryMethodInvoker.java:158)
	at org.springframework.data.repository.core.support.QueryExecutorMethodInterceptor.doInvoke(QueryExecutorMethodInterceptor.java:164)
	at org.springframework.data.repository.core.support.QueryExecutorMethodInterceptor.invoke(QueryExecutorMethodInterceptor.java:143)
	at org.springframework.aop.framework.ReflectiveMethodInvocation.proceed(ReflectiveMethodInvocation.java:184)
	at org.springframework.data.projection.DefaultMethodInvokingMethodInterceptor.invoke(DefaultMethodInvokingMethodInterceptor.java:70)
	at org.springframework.aop.framework.ReflectiveMethodInvocation.proceed(ReflectiveMethodInvocation.java:184)
	at org.springframework.transaction.interceptor.TransactionAspectSupport.invokeWithinTransaction(TransactionAspectSupport.java:379)
	at org.springframework.transaction.interceptor.TransactionInterceptor.invoke(TransactionInterceptor.java:119)
	at org.springframework.aop.framework.ReflectiveMethodInvocation.proceed(ReflectiveMethodInvocation.java:184)
	at org.springframework.dao.support.PersistenceExceptionTranslationInterceptor.invoke(PersistenceExceptionTranslationInterceptor.java:138)
	at org.springframework.aop.framework.ReflectiveMethodInvocation.proceed(ReflectiveMethodInvocation.java:184)
	at org.springframework.data.jpa.repository.support.CrudMethodMetadataPostProcessor$CrudMethodMetadataPopulatingMethodInterceptor.invoke(CrudMethodMetadataPostProcessor.java:136)
	at org.springframework.aop.framework.ReflectiveMethodInvocation.proceed(ReflectiveMethodInvocation.java:184)
	at org.springframework.aop.interceptor.ExposeInvocationInterceptor.invoke(ExposeInvocationInterceptor.java:97)
	at org.springframework.aop.framework.ReflectiveMethodInvocation.proceed(ReflectiveMethodInvocation.java:184)
	at org.springframework.aop.framework.JdkDynamicAopProxy.invoke(JdkDynamicAopProxy.java:223)
	at jdk.proxy2/jdk.proxy2.$Proxy137.findSchedulesByYearRange(Unknown Source)
	at com.pro.api.controllers.UserSchedulesController.scheduleCache(UserSchedulesController.java:75)
	at jdk.internal.reflect.GeneratedMethodAccessor115.invoke(Unknown Source)
	at java.base/jdk.internal.reflect.DelegatingMethodAccessorImpl.invoke(DelegatingMethodAccessorImpl.java:43)
	at java.base/java.lang.reflect.Method.invoke(Method.java:568)
	at org.springframework.web.method.support.InvocableHandlerMethod.doInvoke(InvocableHandlerMethod.java:255)
	at org.springframework.web.method.support.InvocableHandlerMethod.invokeForRequest(InvocableHandlerMethod.java:188)
	at org.springframework.web.servlet.mvc.method.annotation.ServletInvocableHandlerMethod.invokeAndHandle(ServletInvocableHandlerMethod.java:118)
	at org.springframework.web.servlet.mvc.method.annotation.RequestMappingHandlerAdapter.invokeHandlerMethod(RequestMappingHandlerAdapter.java:926)
	at org.springframework.web.servlet.mvc.method.annotation.RequestMappingHandlerAdapter.handleInternal(RequestMappingHandlerAdapter.java:831)
	at org.springframework.web.servlet.mvc.method.AbstractHandlerMethodAdapter.handle(AbstractHandlerMethodAdapter.java:87)
	at org.springframework.web.servlet.DispatcherServlet.doDispatch(DispatcherServlet.java:1089)
	at org.springframework.web.servlet.DispatcherServlet.doService(DispatcherServlet.java:979)
	at org.springframework.web.servlet.FrameworkServlet.processRequest(FrameworkServlet.java:1014)
	at org.springframework.web.servlet.FrameworkServlet.doGet(FrameworkServlet.java:903)
	at jakarta.servlet.http.HttpServlet.service(HttpServlet.java:564)
	at org.springframework.web.servlet.FrameworkServlet.service(FrameworkServlet.java:885)
	at jakarta.servlet.http.HttpServlet.service(HttpServlet.java:658)
	at org.apache.catalina.core.ApplicationFilterChain.internalDoFilter(ApplicationFilterChain.java:195)
	at org.apache.catalina.core.ApplicationFilterChain.doFilter(ApplicationFilterChain.java:140)
	at org.apache.tomcat.websocket.server.WsFilter.doFilter(WsFilter.java:51)
	at org.apache.catalina.core.ApplicationFilterChain.internalDoFilter(ApplicationFilterChain.java:164)
	at org.apache.catalina.core.ApplicationFilterChain.doFilter(ApplicationFilterChain.java:140)
	at org.springframework.web.filter.RequestContextFilter.doFilterInternal(RequestContextFilter.java:100)
	at org.springframework.web.filter.OncePerRequestFilter.doFilter(OncePerRequestFilter.java:116)
	at org.apache.catalina.core.ApplicationFilterChain.internalDoFilter(ApplicationFilterChain.java:164)
	at org.apache.catalina.core.ApplicationFilterChain.doFilter(ApplicationFilterChain.java:140)
	at org.springframework.web.filter.FormContentFilter.doFilterInternal(FormContentFilter.java:93)
	at org.springframework.web.filter.OncePerRequestFilter.doFilter(OncePerRequestFilter.java:116)
	at org.apache.catalina.core.ApplicationFilterChain.internalDoFilter(ApplicationFilterChain.java:164)
	at org.apache.catalina.core.ApplicationFilterChain.doFilter(ApplicationFilterChain.java:140)
	at org.springframework.web.filter.CharacterEncodingFilter.doFilterInternal(CharacterEncodingFilter.java:201)
	at org.springframework.web.filter.OncePerRequestFilter.doFilter(OncePerRequestFilter.java:116)
	at org.apache.catalina.core.ApplicationFilterChain.internalDoFilter(ApplicationFilterChain.java:164)
	at org.apache.catalina.core.ApplicationFilterChain.doFilter(ApplicationFilterChain.java:140)
	at org.apache.catalina.core.StandardWrapperValve.invoke(StandardWrapperValve.java:167)
	at org.apache.catalina.core.StandardContextValve.invoke(StandardContextValve.java:90)
	at org.apache.catalina.authenticator.AuthenticatorBase.invoke(AuthenticatorBase.java:483)
	at org.apache.catalina.core.StandardHostValve.invoke(StandardHostValve.java:115)
	at org.apache.catalina.valves.ErrorReportValve.invoke(ErrorReportValve.java:93)
	at org.apache.catalina.core.StandardEngineValve.invoke(StandardEngineValve.java:74)
	at org.apache.catalina.connector.CoyoteAdapter.service(CoyoteAdapter.java:344)
	at org.apache.coyote.http11.Http11Processor.service(Http11Processor.java:389)
	at org.apache.coyote.AbstractProcessorLight.process(AbstractProcessorLight.java:63)
	at org.apache.coyote.AbstractProtocol$ConnectionHandler.process(AbstractProtocol.java:904)
	at org.apache.tomcat.util.net.NioEndpoint$SocketProcessor.doRun(NioEndpoint.java:1741)
	at org.apache.tomcat.util.net.SocketProcessorBase.run(SocketProcessorBase.java:52)
	at org.apache.tomcat.util.threads.ThreadPoolExecutor.runWorker(ThreadPoolExecutor.java:1190)
	at org.apache.tomcat.util.threads.ThreadPoolExecutor$Worker.run(ThreadPoolExecutor.java:659)
	at org.apache.tomcat.util.threads.TaskThread$WrappingRunnable.run(TaskThread.java:63)
	at java.base/java.lang.Thread.run(Thread.java:842)
Caused by: java.net.SocketException: Connection reset
	at java.base/sun.nio.ch.NioSocketImpl.implRead(NioSocketImpl.java:328)
	at java.base/sun.nio.ch.NioSocketImpl.read(NioSocketImpl.java:355)
	at java.base/sun.nio.ch.NioSocketImpl$1.read(NioSocketImpl.java:808)
	at java.base/java.net.Socket$SocketInputStream.read(Socket.java:966)
	at java.base/sun.security.ssl.SSLSocketInputRecord.read(SSLSocketInputRecord.java:484)
	at java.base/sun.security.ssl.SSLSocketInputRecord.readFully(SSLSocketInputRecord.java:467)
	at java.base/sun.security.ssl.SSLSocketInputRecord.decodeInputRecord(SSLSocketInputRecord.java:243)
	at java.base/sun.security.ssl.SSLSocketInputRecord.decode(SSLSocketInputRecord.java:181)
	at java.base/sun.security.ssl.SSLTransport.decode(SSLTransport.java:111)
	at java.base/sun.security.ssl.SSLSocketImpl.decode(SSLSocketImpl.java:1509)
	at java.base/sun.security.ssl.SSLSocketImpl.readApplicationRecord(SSLSocketImpl.java:1480)
	at java.base/sun.security.ssl.SSLSocketImpl$AppInputStream.read(SSLSocketImpl.java:1065)
	at org.postgresql.core.VisibleBufferedInputStream.readMore(VisibleBufferedInputStream.java:162)
	at org.postgresql.core.VisibleBufferedInputStream.ensureBytes(VisibleBufferedInputStream.java:129)
	at org.postgresql.core.VisibleBufferedInputStream.ensureBytes(VisibleBufferedInputStream.java:114)
	at org.postgresql.core.VisibleBufferedInputStream.read(VisibleBufferedInputStream.java:225)
	at java.base/java.io.InputStream.read(InputStream.java:218)
	at org.postgresql.core.PGStream.receiveInteger4(PGStream.java:481)
	at org.postgresql.core.PGStream.receiveTupleV3(PGStream.java:616)
	at org.postgresql.core.v3.QueryExecutorImpl.processResults(QueryExecutorImpl.java:2379)
	at org.postgresql.core.v3.QueryExecutorImpl.execute(QueryExecutorImpl.java:371)
	... 96 common frames omitted
2024-11-13 18:35:46 [http-nio-8080-exec-5] WARN  : SQL Error: 0, SQLState: 08006
2024-11-13 18:35:46 [http-nio-8080-exec-5] ERROR : An I/O error occurred while sending to the backend.
2024-11-13 18:35:46 [http-nio-8080-exec-9] WARN  : SQL Error: 0, SQLState: 08006
2024-11-13 18:35:46 [http-nio-8080-exec-9] ERROR : An I/O error occurred while sending to the backend.
2024-11-13 18:35:50 [http-nio-8080-exec-6] INFO  : Log Message: Http failure response for http://localhost:8080/api/userSchedules/scheduleCache: 0 Unknown Error
2024-11-13 18:35:53 [http-nio-8080-exec-10] INFO  : Log Message: Http failure response for http://localhost:8080/api/projects/min: 0 Unknown Error
2024-11-13 18:35:56 [HikariPool-1 housekeeper] WARN  : HikariPool-1 - Thread starvation or clock leap detected (housekeeper delta=1h39s644ms695µs300ns).
2024-11-13 18:36:33 [http-nio-8080-exec-7] WARN  : SQL Error: 0, SQLState: 08001
2024-11-13 18:36:33 [http-nio-8080-exec-7] ERROR : HikariPool-1 - Connection is not available, request timed out after 30002ms (total=0, active=0, idle=0, waiting=5)
2024-11-13 18:36:33 [http-nio-8080-exec-7] ERROR : The connection attempt failed.
2024-11-13 18:36:33 [http-nio-8080-exec-1] WARN  : SQL Error: 0, SQLState: 08001
2024-11-13 18:36:33 [http-nio-8080-exec-1] ERROR : HikariPool-1 - Connection is not available, request timed out after 30009ms (total=0, active=0, idle=0, waiting=5)
2024-11-13 18:36:33 [http-nio-8080-exec-1] ERROR : The connection attempt failed.
2024-11-13 18:36:33 [http-nio-8080-exec-9] WARN  : SQL Error: 0, SQLState: 08001
2024-11-13 18:36:33 [http-nio-8080-exec-9] ERROR : HikariPool-1 - Connection is not available, request timed out after 30003ms (total=0, active=0, idle=0, waiting=4)
2024-11-13 18:36:33 [http-nio-8080-exec-9] ERROR : The connection attempt failed.
2024-11-13 18:36:33 [http-nio-8080-exec-5] WARN  : SQL Error: 0, SQLState: 08001
2024-11-13 18:36:33 [http-nio-8080-exec-5] ERROR : HikariPool-1 - Connection is not available, request timed out after 30015ms (total=0, active=0, idle=0, waiting=3)
2024-11-13 18:36:33 [http-nio-8080-exec-5] ERROR : The connection attempt failed.
2024-11-13 18:36:33 [http-nio-8080-exec-6] WARN  : SQL Error: 0, SQLState: 08001
2024-11-13 18:36:33 [http-nio-8080-exec-4] WARN  : SQL Error: 0, SQLState: 08001
2024-11-13 18:36:33 [http-nio-8080-exec-6] ERROR : HikariPool-1 - Connection is not available, request timed out after 30001ms (total=0, active=0, idle=0, waiting=2)
2024-11-13 18:36:33 [http-nio-8080-exec-4] ERROR : HikariPool-1 - Connection is not available, request timed out after 30009ms (total=0, active=0, idle=0, waiting=1)
2024-11-13 18:36:33 [http-nio-8080-exec-6] ERROR : The connection attempt failed.
2024-11-13 18:36:33 [http-nio-8080-exec-4] ERROR : The connection attempt failed.
2024-11-13 18:36:34 [http-nio-8080-exec-10] INFO  : Log Message: Could not open JPA EntityManager for transaction
2024-11-13 18:36:38 [http-nio-8080-exec-4] INFO  : Log Message: Http failure response for http://localhost:8080/api/userSchedules/2024-11-13: 0 Unknown Error
2024-11-13 18:37:06 [http-nio-8080-exec-2] WARN  : SQL Error: 0, SQLState: 08001
2024-11-13 18:37:06 [http-nio-8080-exec-2] ERROR : HikariPool-1 - Connection is not available, request timed out after 33112ms (total=0, active=0, idle=0, waiting=0)
2024-11-13 18:37:06 [http-nio-8080-exec-2] ERROR : The connection attempt failed.
2024-11-13 19:19:23 [HikariPool-1 housekeeper] WARN  : HikariPool-1 - Thread starvation or clock leap detected (housekeeper delta=41m24s614ms668µs200ns).
