2024-11-01 08:35:03 [http-nio-8080-exec-4] INFO  : Log Message: Http failure response for http://localhost:8080/api/projects/min: 0 Unknown Error
2024-11-01 08:35:05 [http-nio-8080-exec-2] INFO  : Log Message: Http failure response for http://localhost:8080/api/userSchedules/timecodes: 404 OK
2024-11-01 08:35:09 [HikariPool-1 housekeeper] WARN  : HikariPool-1 - Thread starvation or clock leap detected (housekeeper delta=14h8m12s434ms706µs500ns).
2024-11-01 08:45:24 [http-nio-8080-exec-1] INFO  : Log Message: Http failure response for http://localhost:8080/api/projects/forecasting/reconcile: 0 Unknown Error
2024-11-01 08:45:24 [http-nio-8080-exec-2] INFO  : Log Message: Http failure response for http://localhost:8080/api/userSchedules/range: 0 Unknown Error
2024-11-01 08:45:24 [http-nio-8080-exec-4] INFO  : Log Message: Http failure response for http://localhost:8080/api/users/min: 0 Unknown Error
2024-11-01 08:45:24 [http-nio-8080-exec-8] INFO  : Log Message: Http failure response for http://localhost:8080/api/projects/min: 0 Unknown Error
2024-11-01 08:45:27 [http-nio-8080-exec-12] INFO  : Log Message: Http failure response for http://localhost:8080/api/userSchedules/timecodes: 404 OK
2024-11-01 08:45:35 [http-nio-8080-exec-3] WARN  : SQL Error: 0, SQLState: 08001
2024-11-01 08:45:35 [http-nio-8080-exec-6] WARN  : SQL Error: 0, SQLState: 08001
2024-11-01 08:45:35 [http-nio-8080-exec-3] ERROR : HikariPool-1 - Connection is not available, request timed out after 630382ms (total=0, active=0, idle=0, waiting=10)
2024-11-01 08:45:35 [http-nio-8080-exec-6] ERROR : HikariPool-1 - Connection is not available, request timed out after 630377ms (total=0, active=0, idle=0, waiting=9)
2024-11-01 08:45:35 [http-nio-8080-exec-3] ERROR : The connection attempt failed.
2024-11-01 08:45:35 [http-nio-8080-exec-6] ERROR : The connection attempt failed.
2024-11-01 08:45:36 [http-nio-8080-exec-5] WARN  : SQL Error: 0, SQLState: 08001
2024-11-01 08:45:36 [http-nio-8080-exec-5] ERROR : HikariPool-1 - Connection is not available, request timed out after 630335ms (total=0, active=0, idle=0, waiting=8)
2024-11-01 08:45:36 [http-nio-8080-exec-5] ERROR : The connection attempt failed.
2024-11-01 08:45:36 [http-nio-8080-exec-9] WARN  : SQL Error: 0, SQLState: 08001
2024-11-01 08:45:36 [http-nio-8080-exec-7] WARN  : SQL Error: 0, SQLState: 08001
2024-11-01 08:45:36 [http-nio-8080-exec-9] ERROR : HikariPool-1 - Connection is not available, request timed out after 630354ms (total=0, active=0, idle=0, waiting=6)
2024-11-01 08:45:36 [http-nio-8080-exec-7] ERROR : HikariPool-1 - Connection is not available, request timed out after 630354ms (total=0, active=0, idle=0, waiting=6)
2024-11-01 08:45:36 [http-nio-8080-exec-9] ERROR : The connection attempt failed.
2024-11-01 08:45:36 [http-nio-8080-exec-7] ERROR : The connection attempt failed.
2024-11-01 08:45:39 [HikariPool-1 housekeeper] WARN  : HikariPool-1 - Thread starvation or clock leap detected (housekeeper delta=10m30s351ms212µs700ns).
2024-11-01 08:45:48 [http-nio-8080-exec-10] WARN  : SQL Error: 0, SQLState: 08001
2024-11-01 08:45:48 [http-nio-8080-exec-10] ERROR : HikariPool-1 - Connection is not available, request timed out after 30013ms (total=0, active=0, idle=0, waiting=6)
2024-11-01 08:45:48 [http-nio-8080-exec-10] ERROR : The connection attempt failed.
2024-11-01 08:48:46 [http-nio-8080-exec-3] INFO  : Log Message: Http failure response for http://localhost:8080/api/userSchedules/range: 0 Unknown Error
2024-11-01 08:48:46 [http-nio-8080-exec-9] INFO  : Log Message: Http failure response for http://localhost:8080/api/userSchedules/range: 0 Unknown Error
2024-11-01 08:48:46 [http-nio-8080-exec-7] INFO  : Log Message: Http failure response for http://localhost:8080/api/projects/min: 0 Unknown Error
2024-11-01 08:48:46 [http-nio-8080-exec-5] INFO  : Log Message: Http failure response for http://localhost:8080/api/projects/forecasting/reconcile: 0 Unknown Error
2024-11-01 08:48:46 [http-nio-8080-exec-10] INFO  : Log Message: Http failure response for http://localhost:8080/api/users/min: 0 Unknown Error
2024-11-01 08:48:47 [http-nio-8080-exec-10] INFO  : Log Message: Http failure response for http://localhost:8080/api/userSchedules/timecodes: 404 OK
2024-11-01 08:48:49 [http-nio-8080-exec-2] WARN  : SQL Error: 0, SQLState: 08001
2024-11-01 08:48:49 [http-nio-8080-exec-2] ERROR : HikariPool-1 - Connection is not available, request timed out after 203661ms (total=0, active=0, idle=0, waiting=10)
2024-11-01 08:48:49 [http-nio-8080-exec-2] ERROR : The connection attempt failed.
2024-11-01 08:48:49 [http-nio-8080-exec-4] WARN  : SQL Error: 0, SQLState: 08001
2024-11-01 08:48:49 [http-nio-8080-exec-4] ERROR : HikariPool-1 - Connection is not available, request timed out after 203675ms (total=0, active=0, idle=0, waiting=9)
2024-11-01 08:48:49 [http-nio-8080-exec-4] ERROR : The connection attempt failed.
2024-11-01 08:48:49 [http-nio-8080-exec-1] WARN  : SQL Error: 0, SQLState: 08001
2024-11-01 08:48:49 [http-nio-8080-exec-1] ERROR : HikariPool-1 - Connection is not available, request timed out after 203648ms (total=0, active=0, idle=0, waiting=8)
2024-11-01 08:48:49 [http-nio-8080-exec-1] ERROR : The connection attempt failed.
2024-11-01 08:48:50 [http-nio-8080-exec-8] WARN  : SQL Error: 0, SQLState: 08001
2024-11-01 08:48:50 [http-nio-8080-exec-8] ERROR : HikariPool-1 - Connection is not available, request timed out after 203659ms (total=0, active=0, idle=0, waiting=7)
2024-11-01 08:48:50 [http-nio-8080-exec-8] ERROR : The connection attempt failed.
2024-11-01 08:48:50 [http-nio-8080-exec-11] WARN  : SQL Error: 0, SQLState: 08001
2024-11-01 08:48:50 [http-nio-8080-exec-11] ERROR : HikariPool-1 - Connection is not available, request timed out after 203661ms (total=0, active=0, idle=0, waiting=6)
2024-11-01 08:48:50 [http-nio-8080-exec-11] ERROR : The connection attempt failed.
2024-11-01 08:49:03 [HikariPool-1 housekeeper] WARN  : HikariPool-1 - Thread starvation or clock leap detected (housekeeper delta=3m23s665ms668µs200ns).
2024-11-01 08:49:10 [http-nio-8080-exec-12] WARN  : SQL Error: 0, SQLState: 08001
2024-11-01 08:49:10 [http-nio-8080-exec-12] ERROR : HikariPool-1 - Connection is not available, request timed out after 203663ms (total=0, active=0, idle=0, waiting=6)
2024-11-01 08:49:10 [http-nio-8080-exec-12] ERROR : The connection attempt failed.
2024-11-01 08:49:17 [http-nio-8080-exec-3] WARN  : SQL Error: 0, SQLState: 08001
2024-11-01 08:49:17 [http-nio-8080-exec-3] ERROR : HikariPool-1 - Connection is not available, request timed out after 30002ms (total=0, active=0, idle=0, waiting=5)
2024-11-01 08:49:17 [http-nio-8080-exec-3] ERROR : The connection attempt failed.
2024-11-01 08:49:17 [http-nio-8080-exec-9] WARN  : SQL Error: 0, SQLState: 08001
2024-11-01 08:49:17 [http-nio-8080-exec-9] ERROR : HikariPool-1 - Connection is not available, request timed out after 30009ms (total=0, active=0, idle=0, waiting=4)
2024-11-01 08:49:17 [http-nio-8080-exec-9] ERROR : The connection attempt failed.
2024-11-01 08:49:17 [http-nio-8080-exec-7] WARN  : SQL Error: 0, SQLState: 08001
2024-11-01 08:49:17 [http-nio-8080-exec-7] ERROR : HikariPool-1 - Connection is not available, request timed out after 30006ms (total=0, active=0, idle=0, waiting=3)
2024-11-01 08:49:17 [http-nio-8080-exec-7] ERROR : The connection attempt failed.
2024-11-01 08:49:17 [http-nio-8080-exec-6] WARN  : SQL Error: 0, SQLState: 08001
2024-11-01 08:49:17 [http-nio-8080-exec-5] WARN  : SQL Error: 0, SQLState: 08001
2024-11-01 08:49:17 [http-nio-8080-exec-6] ERROR : HikariPool-1 - Connection is not available, request timed out after 30007ms (total=0, active=0, idle=0, waiting=1)
2024-11-01 08:49:17 [http-nio-8080-exec-5] ERROR : HikariPool-1 - Connection is not available, request timed out after 30007ms (total=0, active=0, idle=0, waiting=1)
2024-11-01 08:49:17 [http-nio-8080-exec-6] ERROR : The connection attempt failed.
2024-11-01 08:49:17 [http-nio-8080-exec-5] ERROR : The connection attempt failed.
2024-11-01 08:49:17 [http-nio-8080-exec-2] INFO  : Log Message: Could not open JPA EntityManager for transaction
2024-11-01 08:49:37 [http-nio-8080-exec-10] WARN  : SQL Error: 0, SQLState: 08001
2024-11-01 08:49:37 [http-nio-8080-exec-10] ERROR : HikariPool-1 - Connection is not available, request timed out after 30005ms (total=0, active=0, idle=0, waiting=0)
2024-11-01 08:49:37 [http-nio-8080-exec-10] ERROR : The connection attempt failed.
2024-11-01 09:15:15 [http-nio-8080-exec-3] INFO  : Log Message: Http failure response for http://localhost:8080/api/userSchedules/scheduleCache: 404 OK
2024-11-01 09:15:18 [http-nio-8080-exec-4] INFO  : Log Message: Http failure response for http://localhost:8080/api/userSchedules/scheduleCache: 404 OK
2024-11-01 09:15:20 [http-nio-8080-exec-5] INFO  : Log Message: Http failure response for http://localhost:8080/api/userSchedules/scheduleCache: 404 OK
2024-11-01 09:15:23 [http-nio-8080-exec-11] INFO  : Log Message: Http failure response for http://localhost:8080/api/userSchedules/scheduleCache: 404 OK
2024-11-01 09:15:24 [http-nio-8080-exec-1] INFO  : Log Message: Http failure response for http://localhost:8080/api/userSchedules/scheduleCache: 404 OK
2024-11-01 09:15:28 [http-nio-8080-exec-8] INFO  : Log Message: Http failure response for http://localhost:8080/api/userSchedules/timecodes: 404 OK
2024-11-01 09:15:28 [http-nio-8080-exec-5] INFO  : Log Message: Http failure response for http://localhost:8080/api/userSchedules/scheduleCache: 404 OK
2024-11-01 09:15:28 [http-nio-8080-exec-6] INFO  : Log Message: Http failure response for http://localhost:8080/api/userSchedules/scheduleCache: 404 OK
2024-11-01 09:15:28 [http-nio-8080-exec-4] INFO  : Log Message: null
2024-11-01 09:15:29 [http-nio-8080-exec-2] INFO  : Log Message: Http failure response for http://localhost:8080/api/userSchedules/scheduleCache: 404 OK
2024-11-01 09:15:31 [http-nio-8080-exec-8] INFO  : Log Message: Http failure response for http://localhost:8080/api/userSchedules/scheduleCache: 404 OK
2024-11-01 09:22:54 [http-nio-8080-exec-2] INFO  : Log Message: Http failure response for http://localhost:8080/api/userSchedules/timecodes: 404 OK
2024-11-01 09:22:55 [http-nio-8080-exec-3] INFO  : Log Message: Http failure response for http://localhost:8080/api/userSchedules/scheduleCache: 404 OK
2024-11-01 09:22:55 [http-nio-8080-exec-11] INFO  : Log Message: null
2024-11-01 09:22:55 [http-nio-8080-exec-8] INFO  : Log Message: Http failure response for http://localhost:8080/api/userSchedules/scheduleCache: 404 OK
2024-11-01 09:22:55 [http-nio-8080-exec-1] INFO  : Log Message: Http failure response for http://localhost:8080/api/userSchedules/scheduleCache: 404 OK
2024-11-01 09:24:38 [http-nio-8080-exec-6] INFO  : Log Message: Http failure response for http://localhost:8080/api/userSchedules/timecodes: 404 OK
2024-11-01 09:24:39 [http-nio-8080-exec-1] INFO  : Log Message: null
2024-11-01 09:24:39 [http-nio-8080-exec-9] INFO  : Log Message: Http failure response for http://localhost:8080/api/userSchedules/scheduleCache: 404 OK
2024-11-01 09:24:39 [http-nio-8080-exec-6] INFO  : Log Message: Http failure response for http://localhost:8080/api/userSchedules/scheduleCache: 404 OK
2024-11-01 09:24:39 [http-nio-8080-exec-8] INFO  : Log Message: Http failure response for http://localhost:8080/api/userSchedules/scheduleCache: 404 OK
2024-11-01 09:25:01 [http-nio-8080-exec-3] INFO  : Log Message: Http failure response for http://localhost:8080/api/userSchedules/scheduleCache: 404 OK
2024-11-01 09:25:09 [http-nio-8080-exec-4] INFO  : Log Message: Http failure response for http://localhost:8080/api/userSchedules/scheduleCache: 404 OK
2024-11-01 09:25:12 [http-nio-8080-exec-8] INFO  : Log Message: Http failure response for http://localhost:8080/api/userSchedules/scheduleCache: 404 OK
2024-11-01 09:25:15 [http-nio-8080-exec-10] INFO  : Log Message: Http failure response for http://localhost:8080/api/userSchedules/scheduleCache: 404 OK
2024-11-01 09:25:18 [http-nio-8080-exec-1] INFO  : Log Message: Http failure response for http://localhost:8080/api/userSchedules/scheduleCache: 404 OK
2024-11-01 09:25:33 [http-nio-8080-exec-6] INFO  : Log Message: Http failure response for http://localhost:8080/api/userSchedules/scheduleCache: 404 OK
2024-11-01 09:41:42 [http-nio-8080-exec-5] INFO  : Log Message: Http failure response for http://localhost:8080/api/userSchedules/timecodes: 404 OK
2024-11-01 09:41:42 [http-nio-8080-exec-4] INFO  : Log Message: Http failure response for http://localhost:8080/api/userSchedules/scheduleCache: 404 OK
2024-11-01 09:41:42 [http-nio-8080-exec-1] INFO  : Log Message: null
2024-11-01 09:41:42 [http-nio-8080-exec-8] INFO  : Log Message: Http failure response for http://localhost:8080/api/userSchedules/scheduleCache: 404 OK
2024-11-01 09:41:43 [http-nio-8080-exec-9] INFO  : Log Message: Http failure response for http://localhost:8080/api/userSchedules/scheduleCache: 404 OK
2024-11-01 09:45:05 [http-nio-8080-exec-3] INFO  : Log Message: Http failure response for http://localhost:8080/api/userSchedules/timecodes: 404 OK
2024-11-01 09:45:05 [http-nio-8080-exec-5] INFO  : Log Message: Http failure response for http://localhost:8080/api/userSchedules/scheduleCache: 404 OK
2024-11-01 09:45:05 [http-nio-8080-exec-11] INFO  : Log Message: null
2024-11-01 09:45:06 [http-nio-8080-exec-3] INFO  : Log Message: Http failure response for http://localhost:8080/api/userSchedules/scheduleCache: 404 OK
2024-11-01 09:45:07 [http-nio-8080-exec-9] INFO  : Log Message: Http failure response for http://localhost:8080/api/userSchedules/scheduleCache: 404 OK
2024-11-01 09:48:05 [http-nio-8080-exec-8] INFO  : Log Message: Http failure response for http://localhost:8080/api/userSchedules/timecodes: 404 OK
2024-11-01 09:48:06 [http-nio-8080-exec-6] INFO  : Log Message: null
2024-11-01 09:48:06 [http-nio-8080-exec-8] INFO  : Log Message: Http failure response for http://localhost:8080/api/userSchedules/scheduleCache: 404 OK
2024-11-01 09:48:06 [http-nio-8080-exec-3] INFO  : Log Message: Http failure response for http://localhost:8080/api/userSchedules/scheduleCache: 404 OK
2024-11-01 09:48:07 [http-nio-8080-exec-11] INFO  : Log Message: Http failure response for http://localhost:8080/api/userSchedules/scheduleCache: 404 OK
2024-11-01 09:52:41 [http-nio-8080-exec-8] INFO  : Log Message: Http failure response for http://localhost:8080/api/userSchedules/timecodes: 404 OK
2024-11-01 09:52:42 [http-nio-8080-exec-1] INFO  : Log Message: Http failure response for http://localhost:8080/api/userSchedules/scheduleCache: 404 OK
2024-11-01 09:52:42 [http-nio-8080-exec-10] INFO  : Log Message: null
2024-11-01 09:52:42 [http-nio-8080-exec-9] INFO  : Log Message: Http failure response for http://localhost:8080/api/userSchedules/scheduleCache: 404 OK
2024-11-01 09:52:42 [http-nio-8080-exec-11] INFO  : Log Message: Http failure response for http://localhost:8080/api/userSchedules/scheduleCache: 404 OK
2024-11-01 09:56:56 [http-nio-8080-exec-3] INFO  : Log Message: Http failure response for http://localhost:8080/api/userSchedules/timecodes: 404 OK
2024-11-01 09:56:57 [http-nio-8080-exec-6] INFO  : Log Message: Http failure response for http://localhost:8080/api/userSchedules/scheduleCache: 404 OK
2024-11-01 09:56:57 [http-nio-8080-exec-4] INFO  : Log Message: null
2024-11-01 09:56:57 [http-nio-8080-exec-3] INFO  : Log Message: Http failure response for http://localhost:8080/api/userSchedules/scheduleCache: 404 OK
2024-11-01 09:56:58 [http-nio-8080-exec-11] INFO  : Log Message: Http failure response for http://localhost:8080/api/userSchedules/scheduleCache: 404 OK
2024-11-01 09:57:41 [http-nio-8080-exec-4] INFO  : Log Message: Http failure response for http://localhost:8080/api/userSchedules/timecodes: 404 OK
2024-11-01 09:57:41 [http-nio-8080-exec-11] INFO  : Log Message: Http failure response for http://localhost:8080/api/userSchedules/scheduleCache: 404 OK
2024-11-01 09:57:41 [http-nio-8080-exec-1] INFO  : Log Message: Http failure response for http://localhost:8080/api/userSchedules/scheduleCache: 404 OK
2024-11-01 09:57:41 [http-nio-8080-exec-4] INFO  : Log Message: null
2024-11-01 09:57:41 [http-nio-8080-exec-10] INFO  : Log Message: Http failure response for http://localhost:8080/api/userSchedules/scheduleCache: 404 OK
2024-11-01 09:57:52 [http-nio-8080-exec-2] INFO  : Log Message: Http failure response for http://localhost:8080/api/userSchedules/scheduleCache: 404 OK
2024-11-01 09:58:05 [http-nio-8080-exec-3] INFO  : Log Message: Http failure response for http://localhost:8080/api/userSchedules/timecodes: 404 OK
2024-11-01 09:58:06 [http-nio-8080-exec-9] INFO  : Log Message: Http failure response for http://localhost:8080/api/userSchedules/scheduleCache: 404 OK
2024-11-01 09:58:06 [http-nio-8080-exec-3] INFO  : Log Message: null
2024-11-01 09:58:06 [http-nio-8080-exec-1] INFO  : Log Message: Http failure response for http://localhost:8080/api/userSchedules/scheduleCache: 404 OK
2024-11-01 09:58:06 [http-nio-8080-exec-5] INFO  : Log Message: Http failure response for http://localhost:8080/api/userSchedules/scheduleCache: 404 OK
2024-11-01 09:58:37 [http-nio-8080-exec-8] INFO  : Log Message: Http failure response for http://localhost:8080/api/userSchedules/timecodes: 404 OK
2024-11-01 09:58:37 [http-nio-8080-exec-2] INFO  : Log Message: null
2024-11-01 09:58:37 [http-nio-8080-exec-9] INFO  : Log Message: Http failure response for http://localhost:8080/api/userSchedules/scheduleCache: 404 OK
2024-11-01 09:58:37 [http-nio-8080-exec-3] INFO  : Log Message: Http failure response for http://localhost:8080/api/userSchedules/scheduleCache: 404 OK
2024-11-01 09:58:37 [http-nio-8080-exec-6] INFO  : Log Message: Http failure response for http://localhost:8080/api/userSchedules/scheduleCache: 404 OK
2024-11-01 09:58:54 [http-nio-8080-exec-6] INFO  : Log Message: Http failure response for http://localhost:8080/api/userSchedules/timecodes: 404 OK
2024-11-01 09:58:54 [http-nio-8080-exec-2] INFO  : Log Message: Http failure response for http://localhost:8080/api/userSchedules/scheduleCache: 404 OK
2024-11-01 09:58:54 [http-nio-8080-exec-3] INFO  : Log Message: null
2024-11-01 09:58:54 [http-nio-8080-exec-8] INFO  : Log Message: Http failure response for http://localhost:8080/api/userSchedules/scheduleCache: 404 OK
2024-11-01 09:58:55 [http-nio-8080-exec-1] INFO  : Log Message: Http failure response for http://localhost:8080/api/userSchedules/scheduleCache: 404 OK
2024-11-01 12:36:40 [http-nio-8080-exec-6] INFO  : Log Message: Http failure response for http://localhost:8080/api/userSchedules/timecodes: 404 OK
2024-11-01 12:36:40 [http-nio-8080-exec-3] INFO  : Log Message: Http failure response for http://localhost:8080/api/userSchedules/scheduleCache: 404 OK
2024-11-01 12:36:41 [http-nio-8080-exec-6] INFO  : Log Message: null
2024-11-01 12:36:41 [http-nio-8080-exec-9] INFO  : Log Message: Http failure response for http://localhost:8080/api/userSchedules/scheduleCache: 404 OK
2024-11-01 12:36:41 [http-nio-8080-exec-2] INFO  : Log Message: Http failure response for http://localhost:8080/api/userSchedules/scheduleCache: 404 OK
2024-11-01 12:50:21 [http-nio-8080-exec-11] INFO  : Log Message: Http failure response for http://localhost:8080/api/userSchedules/timecodes: 404 OK
2024-11-01 12:50:22 [http-nio-8080-exec-1] INFO  : Log Message: null
2024-11-01 12:50:22 [http-nio-8080-exec-5] INFO  : Log Message: Http failure response for http://localhost:8080/api/userSchedules/scheduleCache: 404 OK
2024-11-01 12:50:22 [http-nio-8080-exec-8] INFO  : Log Message: Http failure response for http://localhost:8080/api/userSchedules/scheduleCache: 404 OK
2024-11-01 12:50:23 [http-nio-8080-exec-9] INFO  : Log Message: Http failure response for http://localhost:8080/api/userSchedules/scheduleCache: 404 OK
2024-11-01 12:53:33 [http-nio-8080-exec-2] INFO  : Log Message: Http failure response for http://localhost:8080/api/userSchedules/timecodes: 404 OK
2024-11-01 12:53:35 [http-nio-8080-exec-9] INFO  : Log Message: Http failure response for http://localhost:8080/api/userSchedules/scheduleCache: 404 OK
2024-11-01 12:53:35 [http-nio-8080-exec-4] INFO  : Log Message: Http failure response for http://localhost:8080/api/userSchedules/scheduleCache: 404 OK
2024-11-01 12:53:35 [http-nio-8080-exec-8] INFO  : Log Message: null
2024-11-01 12:53:35 [http-nio-8080-exec-6] INFO  : Log Message: Http failure response for http://localhost:8080/api/userSchedules/scheduleCache: 404 OK
2024-11-01 12:54:01 [http-nio-8080-exec-2] INFO  : Log Message: Http failure response for http://localhost:8080/api/userSchedules/scheduleCache: 404 OK
2024-11-01 12:54:52 [http-nio-8080-exec-1] INFO  : Log Message: Http failure response for http://localhost:8080/api/userSchedules/timecodes: 404 OK
2024-11-01 12:54:53 [http-nio-8080-exec-5] INFO  : Log Message: null
2024-11-01 12:54:53 [http-nio-8080-exec-10] INFO  : Log Message: Http failure response for http://localhost:8080/api/userSchedules/scheduleCache: 404 OK
2024-11-01 12:54:53 [http-nio-8080-exec-4] INFO  : Log Message: Http failure response for http://localhost:8080/api/userSchedules/scheduleCache: 404 OK
2024-11-01 12:54:53 [http-nio-8080-exec-3] INFO  : Log Message: Http failure response for http://localhost:8080/api/userSchedules/scheduleCache: 404 OK
2024-11-01 12:57:22 [http-nio-8080-exec-9] INFO  : Log Message: Http failure response for http://localhost:8080/api/userSchedules/timecodes: 404 OK
2024-11-01 12:57:22 [http-nio-8080-exec-5] INFO  : Log Message: Http failure response for http://localhost:8080/api/userSchedules/scheduleCache: 404 OK
2024-11-01 12:57:22 [http-nio-8080-exec-11] INFO  : Log Message: Http failure response for http://localhost:8080/api/userSchedules/scheduleCache: 404 OK
2024-11-01 12:57:23 [http-nio-8080-exec-4] INFO  : Log Message: null
2024-11-01 12:57:23 [http-nio-8080-exec-10] INFO  : Log Message: Http failure response for http://localhost:8080/api/userSchedules/scheduleCache: 404 OK
2024-11-01 12:57:28 [http-nio-8080-exec-9] INFO  : Log Message: Http failure response for http://localhost:8080/api/userSchedules/scheduleCache: 404 OK
2024-11-01 12:58:40 [http-nio-8080-exec-10] INFO  : Log Message: Http failure response for http://localhost:8080/api/userSchedules/timecodes: 404 OK
2024-11-01 12:58:40 [http-nio-8080-exec-2] INFO  : Log Message: Http failure response for http://localhost:8080/api/userSchedules/scheduleCache: 404 OK
2024-11-01 12:58:40 [http-nio-8080-exec-4] INFO  : Log Message: null
2024-11-01 12:58:40 [http-nio-8080-exec-10] INFO  : Log Message: Http failure response for http://localhost:8080/api/userSchedules/scheduleCache: 404 OK
2024-11-01 12:58:41 [http-nio-8080-exec-1] INFO  : Log Message: Http failure response for http://localhost:8080/api/userSchedules/scheduleCache: 404 OK
2024-11-01 13:05:15 [http-nio-8080-exec-1] INFO  : Log Message: Http failure response for http://localhost:8080/api/userSchedules/scheduleCache: 404 OK
2024-11-01 13:06:28 [http-nio-8080-exec-4] INFO  : Log Message: Http failure response for http://localhost:8080/api/userSchedules/timecodes: 404 OK
2024-11-01 13:06:28 [http-nio-8080-exec-6] INFO  : Log Message: null
2024-11-01 13:06:28 [http-nio-8080-exec-5] INFO  : Log Message: Http failure response for http://localhost:8080/api/userSchedules/scheduleCache: 404 OK
2024-11-01 13:06:29 [http-nio-8080-exec-11] INFO  : Log Message: Http failure response for http://localhost:8080/api/userSchedules/scheduleCache: 404 OK
2024-11-01 13:06:29 [http-nio-8080-exec-1] INFO  : Log Message: Http failure response for http://localhost:8080/api/userSchedules/scheduleCache: 404 OK
2024-11-01 13:06:36 [http-nio-8080-exec-6] INFO  : Log Message: Http failure response for http://localhost:8080/api/userSchedules/scheduleCache: 404 OK
2024-11-01 13:07:10 [http-nio-8080-exec-6] INFO  : Log Message: Http failure response for http://localhost:8080/api/userSchedules/timecodes: 404 OK
2024-11-01 13:07:10 [http-nio-8080-exec-1] INFO  : Log Message: Http failure response for http://localhost:8080/api/userSchedules/scheduleCache: 404 OK
2024-11-01 13:07:10 [http-nio-8080-exec-3] INFO  : Log Message: null
2024-11-01 13:07:10 [http-nio-8080-exec-6] INFO  : Log Message: Http failure response for http://localhost:8080/api/userSchedules/scheduleCache: 404 OK
2024-11-01 13:07:10 [http-nio-8080-exec-2] INFO  : Log Message: Http failure response for http://localhost:8080/api/userSchedules/scheduleCache: 404 OK
2024-11-01 13:07:22 [http-nio-8080-exec-8] INFO  : Log Message: Http failure response for http://localhost:8080/api/userSchedules/scheduleCache: 404 OK
2024-11-01 13:13:34 [http-nio-8080-exec-10] INFO  : Log Message: Http failure response for http://localhost:8080/api/userSchedules/timecodes: 404 OK
2024-11-01 13:13:34 [http-nio-8080-exec-8] INFO  : Log Message: Http failure response for http://localhost:8080/api/userSchedules/scheduleCache: 404 OK
2024-11-01 13:13:35 [http-nio-8080-exec-9] INFO  : Log Message: Http failure response for http://localhost:8080/api/userSchedules/scheduleCache: 404 OK
2024-11-01 13:13:35 [http-nio-8080-exec-4] INFO  : Log Message: null
2024-11-01 13:13:35 [http-nio-8080-exec-5] INFO  : Log Message: Http failure response for http://localhost:8080/api/userSchedules/scheduleCache: 404 OK
2024-11-01 13:13:41 [http-nio-8080-exec-1] INFO  : Log Message: Http failure response for http://localhost:8080/api/userSchedules/scheduleCache: 404 OK
2024-11-01 13:15:29 [http-nio-8080-exec-4] INFO  : Log Message: Http failure response for http://localhost:8080/api/userSchedules/timecodes: 404 OK
2024-11-01 13:15:29 [http-nio-8080-exec-6] INFO  : Log Message: Http failure response for http://localhost:8080/api/userSchedules/scheduleCache: 404 OK
2024-11-01 13:15:30 [http-nio-8080-exec-4] INFO  : Log Message: null
2024-11-01 13:15:30 [http-nio-8080-exec-8] INFO  : Log Message: Http failure response for http://localhost:8080/api/userSchedules/scheduleCache: 404 OK
2024-11-01 13:15:30 [http-nio-8080-exec-2] INFO  : Log Message: Http failure response for http://localhost:8080/api/userSchedules/scheduleCache: 404 OK
2024-11-01 13:15:33 [http-nio-8080-exec-5] INFO  : Log Message: Http failure response for http://localhost:8080/api/userSchedules/scheduleCache: 404 OK
2024-11-01 13:20:06 [http-nio-8080-exec-11] INFO  : Log Message: Http failure response for http://localhost:8080/api/userSchedules/scheduleCache: 404 OK
2024-11-01 13:21:49 [http-nio-8080-exec-4] INFO  : Log Message: Http failure response for http://localhost:8080/api/userSchedules/timecodes: 404 OK
2024-11-01 13:21:49 [http-nio-8080-exec-6] INFO  : Log Message: null
2024-11-01 13:21:49 [http-nio-8080-exec-1] INFO  : Log Message: Http failure response for http://localhost:8080/api/userSchedules/scheduleCache: 404 OK
2024-11-01 13:21:49 [http-nio-8080-exec-2] INFO  : Log Message: Http failure response for http://localhost:8080/api/userSchedules/scheduleCache: 404 OK
2024-11-01 13:21:49 [http-nio-8080-exec-11] INFO  : Log Message: Http failure response for http://localhost:8080/api/userSchedules/scheduleCache: 404 OK
2024-11-01 13:21:53 [http-nio-8080-exec-3] INFO  : Log Message: Http failure response for http://localhost:8080/api/userSchedules/scheduleCache: 404 OK
2024-11-01 13:21:56 [http-nio-8080-exec-2] INFO  : Log Message: Http failure response for http://localhost:8080/api/userSchedules/scheduleCache: 404 OK
2024-11-01 13:21:59 [http-nio-8080-exec-11] INFO  : Log Message: Http failure response for http://localhost:8080/api/userSchedules/scheduleCache: 404 OK
2024-11-01 13:23:58 [http-nio-8080-exec-1] INFO  : Log Message: Http failure response for http://localhost:8080/api/userSchedules/timecodes: 404 OK
2024-11-01 13:23:58 [http-nio-8080-exec-5] INFO  : Log Message: Http failure response for http://localhost:8080/api/userSchedules/scheduleCache: 404 OK
2024-11-01 13:23:58 [http-nio-8080-exec-2] INFO  : Log Message: null
2024-11-01 13:23:58 [http-nio-8080-exec-6] INFO  : Log Message: Http failure response for http://localhost:8080/api/userSchedules/scheduleCache: 404 OK
2024-11-01 13:23:59 [http-nio-8080-exec-11] INFO  : Log Message: Http failure response for http://localhost:8080/api/userSchedules/scheduleCache: 404 OK
2024-11-01 13:30:00 [http-nio-8080-exec-4] INFO  : Log Message: Http failure response for http://localhost:8080/api/userSchedules/timecodes: 404 OK
2024-11-01 13:30:00 [http-nio-8080-exec-8] INFO  : Log Message: Http failure response for http://localhost:8080/api/userSchedules/scheduleCache: 404 OK
2024-11-01 13:30:01 [http-nio-8080-exec-3] INFO  : Log Message: null
2024-11-01 13:30:01 [http-nio-8080-exec-10] INFO  : Log Message: Http failure response for http://localhost:8080/api/userSchedules/scheduleCache: 404 OK
2024-11-01 13:30:01 [http-nio-8080-exec-5] INFO  : Log Message: Http failure response for http://localhost:8080/api/userSchedules/scheduleCache: 404 OK
2024-11-01 13:34:38 [http-nio-8080-exec-9] INFO  : Log Message: Http failure response for http://localhost:8080/api/userSchedules/timecodes: 404 OK
2024-11-01 13:34:38 [http-nio-8080-exec-2] INFO  : Log Message: Http failure response for http://localhost:8080/api/userSchedules/scheduleCache: 404 OK
2024-11-01 13:34:39 [http-nio-8080-exec-6] INFO  : Log Message: null
2024-11-01 13:34:39 [http-nio-8080-exec-9] INFO  : Log Message: Http failure response for http://localhost:8080/api/userSchedules/scheduleCache: 404 OK
2024-11-01 13:34:39 [http-nio-8080-exec-5] INFO  : Log Message: Http failure response for http://localhost:8080/api/userSchedules/scheduleCache: 404 OK
2024-11-01 13:34:46 [http-nio-8080-exec-6] INFO  : Log Message: Http failure response for http://localhost:8080/api/userSchedules/scheduleCache: 404 OK
2024-11-01 13:34:49 [http-nio-8080-exec-9] INFO  : Log Message: Http failure response for http://localhost:8080/api/userSchedules/scheduleCache: 404 OK
2024-11-01 13:38:22 [http-nio-8080-exec-3] INFO  : Log Message: Http failure response for http://localhost:8080/api/userSchedules/timecodes: 404 OK
2024-11-01 13:38:23 [http-nio-8080-exec-9] INFO  : Log Message: null
2024-11-01 13:38:23 [http-nio-8080-exec-3] INFO  : Log Message: Http failure response for http://localhost:8080/api/userSchedules/scheduleCache: 404 OK
2024-11-01 13:38:23 [http-nio-8080-exec-6] INFO  : Log Message: Http failure response for http://localhost:8080/api/userSchedules/scheduleCache: 404 OK
2024-11-01 13:38:24 [http-nio-8080-exec-2] INFO  : Log Message: Http failure response for http://localhost:8080/api/userSchedules/scheduleCache: 404 OK
2024-11-01 13:53:08 [http-nio-8080-exec-2] INFO  : Log Message: Http failure response for http://localhost:8080/api/userSchedules/timecodes: 404 OK
2024-11-01 13:53:08 [http-nio-8080-exec-1] INFO  : Log Message: Http failure response for http://localhost:8080/api/userSchedules/scheduleCache: 404 OK
2024-11-01 13:53:08 [http-nio-8080-exec-4] INFO  : Log Message: null
2024-11-01 13:53:08 [http-nio-8080-exec-3] INFO  : Log Message: Http failure response for http://localhost:8080/api/userSchedules/scheduleCache: 404 OK
2024-11-01 13:53:09 [http-nio-8080-exec-9] INFO  : Log Message: Http failure response for http://localhost:8080/api/userSchedules/scheduleCache: 404 OK
2024-11-01 13:54:50 [http-nio-8080-exec-3] INFO  : Log Message: Http failure response for http://localhost:8080/api/userSchedules/timecodes: 404 OK
2024-11-01 13:54:50 [http-nio-8080-exec-9] INFO  : Log Message: Http failure response for http://localhost:8080/api/userSchedules/scheduleCache: 404 OK
2024-11-01 13:54:50 [http-nio-8080-exec-2] INFO  : Log Message: Http failure response for http://localhost:8080/api/userSchedules/scheduleCache: 404 OK
2024-11-01 13:54:50 [http-nio-8080-exec-5] INFO  : Log Message: null
2024-11-01 13:54:51 [http-nio-8080-exec-6] INFO  : Log Message: Http failure response for http://localhost:8080/api/userSchedules/scheduleCache: 404 OK
2024-11-01 13:56:13 [http-nio-8080-exec-1] INFO  : Log Message: Http failure response for http://localhost:8080/api/userSchedules/timecodes: 404 OK
2024-11-01 13:56:13 [http-nio-8080-exec-8] INFO  : Log Message: Http failure response for http://localhost:8080/api/userSchedules/scheduleCache: 404 OK
2024-11-01 13:56:13 [http-nio-8080-exec-3] INFO  : Log Message: null
2024-11-01 13:56:13 [http-nio-8080-exec-10] INFO  : Log Message: Http failure response for http://localhost:8080/api/userSchedules/scheduleCache: 404 OK
2024-11-01 13:56:14 [http-nio-8080-exec-9] INFO  : Log Message: Http failure response for http://localhost:8080/api/userSchedules/scheduleCache: 404 OK
2024-11-01 13:56:40 [http-nio-8080-exec-9] INFO  : Log Message: Http failure response for http://localhost:8080/api/userSchedules/timecodes: 404 OK
2024-11-01 13:56:40 [http-nio-8080-exec-6] INFO  : Log Message: Http failure response for http://localhost:8080/api/userSchedules/scheduleCache: 404 OK
2024-11-01 13:56:40 [http-nio-8080-exec-10] INFO  : Log Message: null
2024-11-01 13:56:40 [http-nio-8080-exec-8] INFO  : Log Message: Http failure response for http://localhost:8080/api/userSchedules/scheduleCache: 404 OK
2024-11-01 13:56:41 [http-nio-8080-exec-2] INFO  : Log Message: Http failure response for http://localhost:8080/api/userSchedules/scheduleCache: 404 OK
2024-11-01 14:01:18 [http-nio-8080-exec-5] INFO  : Log Message: Http failure response for http://localhost:8080/api/userSchedules/timecodes: 404 OK
2024-11-01 14:01:18 [http-nio-8080-exec-6] INFO  : Log Message: Http failure response for http://localhost:8080/api/userSchedules/scheduleCache: 404 OK
2024-11-01 14:01:19 [http-nio-8080-exec-2] INFO  : Log Message: null
2024-11-01 14:01:19 [http-nio-8080-exec-1] INFO  : Log Message: Http failure response for http://localhost:8080/api/userSchedules/scheduleCache: 404 OK
2024-11-01 14:01:19 [http-nio-8080-exec-4] INFO  : Log Message: Http failure response for http://localhost:8080/api/userSchedules/scheduleCache: 404 OK
2024-11-01 14:03:19 [http-nio-8080-exec-2] INFO  : Log Message: Http failure response for http://localhost:8080/api/userSchedules/timecodes: 404 OK
2024-11-01 14:03:20 [http-nio-8080-exec-8] INFO  : Log Message: null
2024-11-01 14:03:20 [http-nio-8080-exec-2] INFO  : Log Message: Http failure response for http://localhost:8080/api/userSchedules/scheduleCache: 404 OK
2024-11-01 14:03:20 [http-nio-8080-exec-10] INFO  : Log Message: Http failure response for http://localhost:8080/api/userSchedules/scheduleCache: 404 OK
2024-11-01 14:03:20 [http-nio-8080-exec-3] INFO  : Log Message: Http failure response for http://localhost:8080/api/userSchedules/scheduleCache: 404 OK
2024-11-01 14:05:30 [http-nio-8080-exec-10] INFO  : Log Message: Http failure response for http://localhost:8080/api/userSchedules/timecodes: 404 OK
2024-11-01 14:05:31 [http-nio-8080-exec-9] INFO  : Log Message: null
2024-11-01 14:05:31 [http-nio-8080-exec-3] INFO  : Log Message: Http failure response for http://localhost:8080/api/userSchedules/scheduleCache: 404 OK
2024-11-01 14:05:31 [http-nio-8080-exec-6] INFO  : Log Message: Http failure response for http://localhost:8080/api/userSchedules/scheduleCache: 404 OK
2024-11-01 14:05:32 [http-nio-8080-exec-5] INFO  : Log Message: Http failure response for http://localhost:8080/api/userSchedules/scheduleCache: 404 OK
2024-11-01 14:06:03 [http-nio-8080-exec-2] INFO  : Log Message: Http failure response for http://localhost:8080/api/userSchedules/timecodes: 404 OK
2024-11-01 14:06:03 [http-nio-8080-exec-3] INFO  : Log Message: Http failure response for http://localhost:8080/api/userSchedules/scheduleCache: 404 OK
2024-11-01 14:06:04 [http-nio-8080-exec-1] INFO  : Log Message: null
2024-11-01 14:06:04 [http-nio-8080-exec-2] INFO  : Log Message: Http failure response for http://localhost:8080/api/userSchedules/scheduleCache: 404 OK
2024-11-01 14:06:04 [http-nio-8080-exec-10] INFO  : Log Message: Http failure response for http://localhost:8080/api/userSchedules/scheduleCache: 404 OK
2024-11-01 14:09:46 [http-nio-8080-exec-2] INFO  : Log Message: Http failure response for http://localhost:8080/api/userSchedules/timecodes: 404 OK
2024-11-01 14:09:46 [http-nio-8080-exec-4] INFO  : Log Message: Http failure response for http://localhost:8080/api/userSchedules/scheduleCache: 404 OK
2024-11-01 14:09:46 [http-nio-8080-exec-10] INFO  : Log Message: null
2024-11-01 14:09:47 [http-nio-8080-exec-2] INFO  : Log Message: Http failure response for http://localhost:8080/api/userSchedules/scheduleCache: 404 OK
2024-11-01 14:09:47 [http-nio-8080-exec-3] INFO  : Log Message: Http failure response for http://localhost:8080/api/userSchedules/scheduleCache: 404 OK
2024-11-01 14:10:02 [http-nio-8080-exec-3] INFO  : Log Message: Http failure response for http://localhost:8080/api/userSchedules/timecodes: 404 OK
2024-11-01 14:10:04 [http-nio-8080-exec-2] INFO  : Log Message: null
2024-11-01 14:10:04 [http-nio-8080-exec-3] INFO  : Log Message: Http failure response for http://localhost:8080/api/userSchedules/scheduleCache: 404 OK
2024-11-01 14:10:04 [http-nio-8080-exec-9] INFO  : Log Message: Http failure response for http://localhost:8080/api/userSchedules/scheduleCache: 404 OK
2024-11-01 14:10:04 [http-nio-8080-exec-5] INFO  : Log Message: Http failure response for http://localhost:8080/api/userSchedules/scheduleCache: 404 OK
2024-11-01 14:10:18 [http-nio-8080-exec-2] INFO  : Log Message: Http failure response for http://localhost:8080/api/userSchedules/scheduleCache: 404 OK
2024-11-01 14:13:41 [http-nio-8080-exec-11] INFO  : Log Message: Http failure response for http://localhost:8080/api/userSchedules/timecodes: 404 OK
2024-11-01 14:13:42 [http-nio-8080-exec-8] INFO  : Log Message: null
2024-11-01 14:13:42 [http-nio-8080-exec-4] INFO  : Log Message: Http failure response for http://localhost:8080/api/userSchedules/scheduleCache: 404 OK
2024-11-01 14:13:42 [http-nio-8080-exec-11] INFO  : Log Message: Http failure response for http://localhost:8080/api/userSchedules/scheduleCache: 404 OK
2024-11-01 14:13:42 [http-nio-8080-exec-1] INFO  : Log Message: Http failure response for http://localhost:8080/api/userSchedules/scheduleCache: 404 OK
2024-11-01 14:14:03 [http-nio-8080-exec-10] INFO  : Log Message: Http failure response for http://localhost:8080/api/userSchedules/timecodes: 404 OK
2024-11-01 14:14:04 [http-nio-8080-exec-4] INFO  : Log Message: Http failure response for http://localhost:8080/api/userSchedules/scheduleCache: 404 OK
2024-11-01 14:14:04 [http-nio-8080-exec-5] INFO  : Log Message: null
2024-11-01 14:14:04 [http-nio-8080-exec-6] INFO  : Log Message: Http failure response for http://localhost:8080/api/userSchedules/scheduleCache: 404 OK
2024-11-01 14:14:05 [http-nio-8080-exec-8] INFO  : Log Message: Http failure response for http://localhost:8080/api/userSchedules/scheduleCache: 404 OK
2024-11-01 14:14:53 [http-nio-8080-exec-10] INFO  : Log Message: Http failure response for http://localhost:8080/api/userSchedules/timecodes: 404 OK
2024-11-01 14:14:54 [http-nio-8080-exec-9] INFO  : Log Message: null
2024-11-01 14:14:54 [http-nio-8080-exec-10] INFO  : Log Message: Http failure response for http://localhost:8080/api/userSchedules/scheduleCache: 404 OK
2024-11-01 14:14:54 [http-nio-8080-exec-4] INFO  : Log Message: Http failure response for http://localhost:8080/api/userSchedules/scheduleCache: 404 OK
2024-11-01 14:14:55 [http-nio-8080-exec-5] INFO  : Log Message: Http failure response for http://localhost:8080/api/userSchedules/scheduleCache: 404 OK
2024-11-01 14:19:28 [http-nio-8080-exec-4] INFO  : Log Message: Http failure response for http://localhost:8080/api/userSchedules/timecodes: 404 OK
2024-11-01 14:19:28 [http-nio-8080-exec-6] INFO  : Log Message: Http failure response for http://localhost:8080/api/userSchedules/scheduleCache: 404 OK
2024-11-01 14:19:29 [http-nio-8080-exec-5] INFO  : Log Message: null
2024-11-01 14:19:29 [http-nio-8080-exec-1] INFO  : Log Message: Http failure response for http://localhost:8080/api/userSchedules/scheduleCache: 404 OK
2024-11-01 14:19:29 [http-nio-8080-exec-11] INFO  : Log Message: Http failure response for http://localhost:8080/api/userSchedules/scheduleCache: 404 OK
2024-11-01 14:25:03 [http-nio-8080-exec-6] INFO  : Log Message: Http failure response for http://localhost:8080/api/userSchedules/timecodes: 404 OK
2024-11-01 14:25:05 [http-nio-8080-exec-4] INFO  : Log Message: null
2024-11-01 14:25:05 [http-nio-8080-exec-10] INFO  : Log Message: Http failure response for http://localhost:8080/api/userSchedules/scheduleCache: 404 OK
2024-11-01 14:25:06 [http-nio-8080-exec-1] INFO  : Log Message: Http failure response for http://localhost:8080/api/userSchedules/scheduleCache: 404 OK
2024-11-01 14:25:06 [http-nio-8080-exec-11] INFO  : Log Message: Http failure response for http://localhost:8080/api/userSchedules/scheduleCache: 404 OK
2024-11-01 14:29:03 [http-nio-8080-exec-6] INFO  : Log Message: Http failure response for http://localhost:8080/api/userSchedules/timecodes: 404 OK
2024-11-01 14:29:03 [http-nio-8080-exec-2] INFO  : Log Message: null
2024-11-01 14:29:03 [http-nio-8080-exec-1] INFO  : Log Message: Http failure response for http://localhost:8080/api/userSchedules/scheduleCache: 404 OK
2024-11-01 14:29:03 [http-nio-8080-exec-3] INFO  : Log Message: Http failure response for http://localhost:8080/api/userSchedules/scheduleCache: 404 OK
2024-11-01 14:29:03 [http-nio-8080-exec-8] INFO  : Log Message: Http failure response for http://localhost:8080/api/userSchedules/scheduleCache: 404 OK
2024-11-01 14:29:16 [http-nio-8080-exec-8] INFO  : Log Message: Http failure response for http://localhost:8080/api/userSchedules/timecodes: 404 OK
2024-11-01 14:29:16 [http-nio-8080-exec-2] INFO  : Log Message: null
2024-11-01 14:29:17 [http-nio-8080-exec-10] INFO  : Log Message: Http failure response for http://localhost:8080/api/userSchedules/scheduleCache: 404 OK
2024-11-01 14:29:17 [http-nio-8080-exec-1] INFO  : Log Message: Http failure response for http://localhost:8080/api/userSchedules/scheduleCache: 404 OK
2024-11-01 14:29:17 [http-nio-8080-exec-5] INFO  : Log Message: Http failure response for http://localhost:8080/api/userSchedules/scheduleCache: 404 OK
2024-11-01 14:31:18 [http-nio-8080-exec-10] INFO  : Log Message: Http failure response for http://localhost:8080/api/userSchedules/timecodes: 404 OK
2024-11-01 14:31:19 [http-nio-8080-exec-11] INFO  : Log Message: Http failure response for http://localhost:8080/api/userSchedules/scheduleCache: 404 OK
2024-11-01 14:31:19 [http-nio-8080-exec-10] INFO  : Log Message: Http failure response for http://localhost:8080/api/userSchedules/scheduleCache: 404 OK
2024-11-01 14:31:19 [http-nio-8080-exec-5] INFO  : Log Message: null
2024-11-01 14:31:20 [http-nio-8080-exec-1] INFO  : Log Message: Http failure response for http://localhost:8080/api/userSchedules/scheduleCache: 404 OK
2024-11-01 14:35:23 [http-nio-8080-exec-5] INFO  : Log Message: Http failure response for http://localhost:8080/api/userSchedules/timecodes: 404 OK
2024-11-01 14:35:23 [http-nio-8080-exec-3] INFO  : Log Message: Http failure response for http://localhost:8080/api/userSchedules/scheduleCache: 404 OK
2024-11-01 14:35:23 [http-nio-8080-exec-10] INFO  : Log Message: null
2024-11-01 14:35:24 [http-nio-8080-exec-5] INFO  : Log Message: Http failure response for http://localhost:8080/api/userSchedules/scheduleCache: 404 OK
2024-11-01 14:35:24 [http-nio-8080-exec-11] INFO  : Log Message: Http failure response for http://localhost:8080/api/userSchedules/scheduleCache: 404 OK
2024-11-01 14:40:29 [http-nio-8080-exec-1] INFO  : Log Message: Http failure response for http://localhost:8080/api/userSchedules/scheduleCache: 404 OK
2024-11-01 14:40:33 [http-nio-8080-exec-6] INFO  : Log Message: Http failure response for http://localhost:8080/api/userSchedules/scheduleCache: 404 OK
2024-11-01 14:40:34 [http-nio-8080-exec-10] INFO  : Log Message: Http failure response for http://localhost:8080/api/userSchedules/scheduleCache: 404 OK
2024-11-01 14:40:37 [http-nio-8080-exec-5] INFO  : Log Message: Http failure response for http://localhost:8080/api/userSchedules/scheduleCache: 404 OK
2024-11-01 17:10:21 [http-nio-8080-exec-3] INFO  : Log Message: Http failure response for http://localhost:8080/api/userSchedules/timecodes: 404 OK
2024-11-01 17:10:21 [http-nio-8080-exec-11] INFO  : Log Message: Http failure response for http://localhost:8080/api/userSchedules/scheduleCache: 404 OK
2024-11-01 17:10:21 [http-nio-8080-exec-9] INFO  : Log Message: null
2024-11-01 17:10:21 [http-nio-8080-exec-1] INFO  : Log Message: Http failure response for http://localhost:8080/api/userSchedules/scheduleCache: 404 OK
2024-11-01 17:10:21 [http-nio-8080-exec-5] INFO  : Log Message: Http failure response for http://localhost:8080/api/userSchedules/scheduleCache: 404 OK
2024-11-01 17:17:40 [http-nio-8080-exec-2] WARN  : HikariPool-1 - Connection org.postgresql.jdbc.PgConnection@8493440 marked as broken because of SQLSTATE(08006), ErrorCode(0)
org.postgresql.util.PSQLException: An I/O error occurred while sending to the backend.
	at org.postgresql.core.v3.QueryExecutorImpl.execute(QueryExecutorImpl.java:398)
	at org.postgresql.jdbc.PgStatement.executeInternal(PgStatement.java:502)
	at org.postgresql.jdbc.PgStatement.execute(PgStatement.java:419)
	at org.postgresql.jdbc.PgPreparedStatement.executeWithFlags(PgPreparedStatement.java:194)
	at org.postgresql.jdbc.PgPreparedStatement.executeQuery(PgPreparedStatement.java:137)
	at com.zaxxer.hikari.pool.ProxyPreparedStatement.executeQuery(ProxyPreparedStatement.java:52)
	at com.zaxxer.hikari.pool.HikariProxyPreparedStatement.executeQuery(HikariProxyPreparedStatement.java)
	at org.hibernate.sql.results.jdbc.internal.DeferredResultSetAccess.executeQuery(DeferredResultSetAccess.java:246)
	at org.hibernate.sql.results.jdbc.internal.DeferredResultSetAccess.getResultSet(DeferredResultSetAccess.java:167)
	at org.hibernate.sql.results.jdbc.internal.JdbcValuesResultSetImpl.advanceNext(JdbcValuesResultSetImpl.java:265)
	at org.hibernate.sql.results.jdbc.internal.JdbcValuesResultSetImpl.processNext(JdbcValuesResultSetImpl.java:145)
	at org.hibernate.sql.results.jdbc.internal.AbstractJdbcValues.next(AbstractJdbcValues.java:19)
	at org.hibernate.sql.results.internal.RowProcessingStateStandardImpl.next(RowProcessingStateStandardImpl.java:67)
	at org.hibernate.sql.results.spi.ListResultsConsumer.consume(ListResultsConsumer.java:204)
	at org.hibernate.sql.results.spi.ListResultsConsumer.consume(ListResultsConsumer.java:33)
	at org.hibernate.sql.exec.internal.JdbcSelectExecutorStandardImpl.doExecuteQuery(JdbcSelectExecutorStandardImpl.java:211)
	at org.hibernate.sql.exec.internal.JdbcSelectExecutorStandardImpl.executeQuery(JdbcSelectExecutorStandardImpl.java:83)
	at org.hibernate.sql.exec.spi.JdbcSelectExecutor.list(JdbcSelectExecutor.java:76)
	at org.hibernate.sql.exec.spi.JdbcSelectExecutor.list(JdbcSelectExecutor.java:65)
	at org.hibernate.query.sqm.internal.ConcreteSqmSelectQueryPlan.lambda$new$2(ConcreteSqmSelectQueryPlan.java:139)
	at org.hibernate.query.sqm.internal.ConcreteSqmSelectQueryPlan.withCacheableSqmInterpretation(ConcreteSqmSelectQueryPlan.java:382)
	at org.hibernate.query.sqm.internal.ConcreteSqmSelectQueryPlan.performList(ConcreteSqmSelectQueryPlan.java:302)
	at org.hibernate.query.sqm.internal.QuerySqmImpl.doList(QuerySqmImpl.java:526)
	at org.hibernate.query.spi.AbstractSelectionQuery.list(AbstractSelectionQuery.java:423)
	at org.hibernate.query.Query.getResultList(Query.java:120)
	at org.springframework.data.jpa.repository.query.JpaQueryExecution$CollectionExecution.doExecute(JpaQueryExecution.java:129)
	at org.springframework.data.jpa.repository.query.JpaQueryExecution.execute(JpaQueryExecution.java:92)
	at org.springframework.data.jpa.repository.query.AbstractJpaQuery.doExecute(AbstractJpaQuery.java:152)
	at org.springframework.data.jpa.repository.query.AbstractJpaQuery.execute(AbstractJpaQuery.java:140)
	at org.springframework.data.repository.core.support.RepositoryMethodInvoker.doInvoke(RepositoryMethodInvoker.java:170)
	at org.springframework.data.repository.core.support.RepositoryMethodInvoker.invoke(RepositoryMethodInvoker.java:158)
	at org.springframework.data.repository.core.support.QueryExecutorMethodInterceptor.doInvoke(QueryExecutorMethodInterceptor.java:164)
	at org.springframework.data.repository.core.support.QueryExecutorMethodInterceptor.invoke(QueryExecutorMethodInterceptor.java:143)
	at org.springframework.aop.framework.ReflectiveMethodInvocation.proceed(ReflectiveMethodInvocation.java:184)
	at org.springframework.data.projection.DefaultMethodInvokingMethodInterceptor.invoke(DefaultMethodInvokingMethodInterceptor.java:70)
	at org.springframework.aop.framework.ReflectiveMethodInvocation.proceed(ReflectiveMethodInvocation.java:184)
	at org.springframework.transaction.interceptor.TransactionAspectSupport.invokeWithinTransaction(TransactionAspectSupport.java:379)
	at org.springframework.transaction.interceptor.TransactionInterceptor.invoke(TransactionInterceptor.java:119)
	at org.springframework.aop.framework.ReflectiveMethodInvocation.proceed(ReflectiveMethodInvocation.java:184)
	at org.springframework.dao.support.PersistenceExceptionTranslationInterceptor.invoke(PersistenceExceptionTranslationInterceptor.java:138)
	at org.springframework.aop.framework.ReflectiveMethodInvocation.proceed(ReflectiveMethodInvocation.java:184)
	at org.springframework.data.jpa.repository.support.CrudMethodMetadataPostProcessor$CrudMethodMetadataPopulatingMethodInterceptor.invoke(CrudMethodMetadataPostProcessor.java:136)
	at org.springframework.aop.framework.ReflectiveMethodInvocation.proceed(ReflectiveMethodInvocation.java:184)
	at org.springframework.aop.interceptor.ExposeInvocationInterceptor.invoke(ExposeInvocationInterceptor.java:97)
	at org.springframework.aop.framework.ReflectiveMethodInvocation.proceed(ReflectiveMethodInvocation.java:184)
	at org.springframework.aop.framework.JdkDynamicAopProxy.invoke(JdkDynamicAopProxy.java:223)
	at jdk.proxy2/jdk.proxy2.$Proxy132.findByFormFieldId(Unknown Source)
	at com.pro.api.controllers.ProjectsController.getProjectsMin(ProjectsController.java:72)
	at jdk.internal.reflect.GeneratedMethodAccessor149.invoke(Unknown Source)
	at java.base/jdk.internal.reflect.DelegatingMethodAccessorImpl.invoke(DelegatingMethodAccessorImpl.java:43)
	at java.base/java.lang.reflect.Method.invoke(Method.java:568)
	at org.springframework.web.method.support.InvocableHandlerMethod.doInvoke(InvocableHandlerMethod.java:255)
	at org.springframework.web.method.support.InvocableHandlerMethod.invokeForRequest(InvocableHandlerMethod.java:188)
	at org.springframework.web.servlet.mvc.method.annotation.ServletInvocableHandlerMethod.invokeAndHandle(ServletInvocableHandlerMethod.java:118)
	at org.springframework.web.servlet.mvc.method.annotation.RequestMappingHandlerAdapter.invokeHandlerMethod(RequestMappingHandlerAdapter.java:926)
	at org.springframework.web.servlet.mvc.method.annotation.RequestMappingHandlerAdapter.handleInternal(RequestMappingHandlerAdapter.java:831)
	at org.springframework.web.servlet.mvc.method.AbstractHandlerMethodAdapter.handle(AbstractHandlerMethodAdapter.java:87)
	at org.springframework.web.servlet.DispatcherServlet.doDispatch(DispatcherServlet.java:1089)
	at org.springframework.web.servlet.DispatcherServlet.doService(DispatcherServlet.java:979)
	at org.springframework.web.servlet.FrameworkServlet.processRequest(FrameworkServlet.java:1014)
	at org.springframework.web.servlet.FrameworkServlet.doGet(FrameworkServlet.java:903)
	at jakarta.servlet.http.HttpServlet.service(HttpServlet.java:564)
	at org.springframework.web.servlet.FrameworkServlet.service(FrameworkServlet.java:885)
	at jakarta.servlet.http.HttpServlet.service(HttpServlet.java:658)
	at org.apache.catalina.core.ApplicationFilterChain.internalDoFilter(ApplicationFilterChain.java:195)
	at org.apache.catalina.core.ApplicationFilterChain.doFilter(ApplicationFilterChain.java:140)
	at org.apache.tomcat.websocket.server.WsFilter.doFilter(WsFilter.java:51)
	at org.apache.catalina.core.ApplicationFilterChain.internalDoFilter(ApplicationFilterChain.java:164)
	at org.apache.catalina.core.ApplicationFilterChain.doFilter(ApplicationFilterChain.java:140)
	at org.springframework.web.filter.RequestContextFilter.doFilterInternal(RequestContextFilter.java:100)
	at org.springframework.web.filter.OncePerRequestFilter.doFilter(OncePerRequestFilter.java:116)
	at org.apache.catalina.core.ApplicationFilterChain.internalDoFilter(ApplicationFilterChain.java:164)
	at org.apache.catalina.core.ApplicationFilterChain.doFilter(ApplicationFilterChain.java:140)
	at org.springframework.web.filter.FormContentFilter.doFilterInternal(FormContentFilter.java:93)
	at org.springframework.web.filter.OncePerRequestFilter.doFilter(OncePerRequestFilter.java:116)
	at org.apache.catalina.core.ApplicationFilterChain.internalDoFilter(ApplicationFilterChain.java:164)
	at org.apache.catalina.core.ApplicationFilterChain.doFilter(ApplicationFilterChain.java:140)
	at org.springframework.web.filter.CharacterEncodingFilter.doFilterInternal(CharacterEncodingFilter.java:201)
	at org.springframework.web.filter.OncePerRequestFilter.doFilter(OncePerRequestFilter.java:116)
	at org.apache.catalina.core.ApplicationFilterChain.internalDoFilter(ApplicationFilterChain.java:164)
	at org.apache.catalina.core.ApplicationFilterChain.doFilter(ApplicationFilterChain.java:140)
	at org.apache.catalina.core.StandardWrapperValve.invoke(StandardWrapperValve.java:167)
	at org.apache.catalina.core.StandardContextValve.invoke(StandardContextValve.java:90)
	at org.apache.catalina.authenticator.AuthenticatorBase.invoke(AuthenticatorBase.java:483)
	at org.apache.catalina.core.StandardHostValve.invoke(StandardHostValve.java:115)
	at org.apache.catalina.valves.ErrorReportValve.invoke(ErrorReportValve.java:93)
	at org.apache.catalina.core.StandardEngineValve.invoke(StandardEngineValve.java:74)
	at org.apache.catalina.connector.CoyoteAdapter.service(CoyoteAdapter.java:344)
	at org.apache.coyote.http11.Http11Processor.service(Http11Processor.java:389)
	at org.apache.coyote.AbstractProcessorLight.process(AbstractProcessorLight.java:63)
	at org.apache.coyote.AbstractProtocol$ConnectionHandler.process(AbstractProtocol.java:904)
	at org.apache.tomcat.util.net.NioEndpoint$SocketProcessor.doRun(NioEndpoint.java:1741)
	at org.apache.tomcat.util.net.SocketProcessorBase.run(SocketProcessorBase.java:52)
	at org.apache.tomcat.util.threads.ThreadPoolExecutor.runWorker(ThreadPoolExecutor.java:1190)
	at org.apache.tomcat.util.threads.ThreadPoolExecutor$Worker.run(ThreadPoolExecutor.java:659)
	at org.apache.tomcat.util.threads.TaskThread$WrappingRunnable.run(TaskThread.java:63)
	at java.base/java.lang.Thread.run(Thread.java:842)
Caused by: java.net.SocketException: Connection reset
	at java.base/sun.nio.ch.NioSocketImpl.implRead(NioSocketImpl.java:328)
	at java.base/sun.nio.ch.NioSocketImpl.read(NioSocketImpl.java:355)
	at java.base/sun.nio.ch.NioSocketImpl$1.read(NioSocketImpl.java:808)
	at java.base/java.net.Socket$SocketInputStream.read(Socket.java:966)
	at java.base/sun.security.ssl.SSLSocketInputRecord.read(SSLSocketInputRecord.java:484)
	at java.base/sun.security.ssl.SSLSocketInputRecord.readHeader(SSLSocketInputRecord.java:478)
	at java.base/sun.security.ssl.SSLSocketInputRecord.bytesInCompletePacket(SSLSocketInputRecord.java:70)
	at java.base/sun.security.ssl.SSLSocketImpl.readApplicationRecord(SSLSocketImpl.java:1461)
	at java.base/sun.security.ssl.SSLSocketImpl$AppInputStream.read(SSLSocketImpl.java:1065)
	at org.postgresql.core.VisibleBufferedInputStream.readMore(VisibleBufferedInputStream.java:162)
	at org.postgresql.core.VisibleBufferedInputStream.ensureBytes(VisibleBufferedInputStream.java:129)
	at org.postgresql.core.VisibleBufferedInputStream.ensureBytes(VisibleBufferedInputStream.java:114)
	at org.postgresql.core.VisibleBufferedInputStream.read(VisibleBufferedInputStream.java:74)
	at org.postgresql.core.PGStream.receiveChar(PGStream.java:467)
	at org.postgresql.core.v3.QueryExecutorImpl.processResults(QueryExecutorImpl.java:2166)
	at org.postgresql.core.v3.QueryExecutorImpl.execute(QueryExecutorImpl.java:371)
	... 96 common frames omitted
2024-11-01 17:17:40 [http-nio-8080-exec-2] WARN  : SQL Error: 0, SQLState: 08006
2024-11-01 17:17:40 [http-nio-8080-exec-2] ERROR : An I/O error occurred while sending to the backend.
